{"/home/sites/phlix/phlix-tizen-client/package/assets/AuditLogsPage-BKPR9GGn-Bq1Jtvfa.js": {"path":"/home/sites/phlix/phlix-tizen-client/package/assets/AuditLogsPage-BKPR9GGn-Bq1Jtvfa.js","all":true,"statementMap":{"0":{"start":{"line":1,"column":0},"end":{"line":1,"column":3592}}},"s":{"0":0},"branchMap":{"0":{"type":"branch","line":1,"loc":{"start":{"line":1,"column":3592},"end":{"line":1,"column":3592}},"locations":[{"start":{"line":1,"column":3592},"end":{"line":1,"column":3592}}]}},"b":{"0":[0]},"fnMap":{"0":{"name":"(empty-report)","decl":{"start":{"line":1,"column":3592},"end":{"line":1,"column":3592}},"loc":{"start":{"line":1,"column":3592},"end":{"line":1,"column":3592}},"line":1}},"f":{"0":0}}
,"/home/sites/phlix/phlix-tizen-client/package/assets/BackupPage-DEcjor5E-DqPXzg51.js": {"path":"/home/sites/phlix/phlix-tizen-client/package/assets/BackupPage-DEcjor5E-DqPXzg51.js","all":true,"statementMap":{"0":{"start":{"line":1,"column":0},"end":{"line":1,"column":10356}}},"s":{"0":0},"branchMap":{"0":{"type":"branch","line":1,"loc":{"start":{"line":1,"column":10356},"end":{"line":1,"column":10356}},"locations":[{"start":{"line":1,"column":10356},"end":{"line":1,"column":10356}}]}},"b":{"0":[0]},"fnMap":{"0":{"name":"(empty-report)","decl":{"start":{"line":1,"column":10356},"end":{"line":1,"column":10356}},"loc":{"start":{"line":1,"column":10356},"end":{"line":1,"column":10356}},"line":1}},"f":{"0":0}}
,"/home/sites/phlix/phlix-tizen-client/package/assets/Badge-ArWL5-WE-CmUZcmph.js": {"path":"/home/sites/phlix/phlix-tizen-client/package/assets/Badge-ArWL5-WE-CmUZcmph.js","all":true,"statementMap":{"0":{"start":{"line":1,"column":0},"end":{"line":1,"column":617}}},"s":{"0":0},"branchMap":{"0":{"type":"branch","line":1,"loc":{"start":{"line":1,"column":617},"end":{"line":1,"column":617}},"locations":[{"start":{"line":1,"column":617},"end":{"line":1,"column":617}}]}},"b":{"0":[0]},"fnMap":{"0":{"name":"(empty-report)","decl":{"start":{"line":1,"column":617},"end":{"line":1,"column":617}},"loc":{"start":{"line":1,"column":617},"end":{"line":1,"column":617}},"line":1}},"f":{"0":0}}
,"/home/sites/phlix/phlix-tizen-client/package/assets/BrowsePage-DPV6hUCE-yuvguuoR.js": {"path":"/home/sites/phlix/phlix-tizen-client/package/assets/BrowsePage-DPV6hUCE-yuvguuoR.js","all":true,"statementMap":{"0":{"start":{"line":1,"column":0},"end":{"line":1,"column":5327}}},"s":{"0":0},"branchMap":{"0":{"type":"branch","line":1,"loc":{"start":{"line":1,"column":5327},"end":{"line":1,"column":5327}},"locations":[{"start":{"line":1,"column":5327},"end":{"line":1,"column":5327}}]}},"b":{"0":[0]},"fnMap":{"0":{"name":"(empty-report)","decl":{"start":{"line":1,"column":5327},"end":{"line":1,"column":5327}},"loc":{"start":{"line":1,"column":5327},"end":{"line":1,"column":5327}},"line":1}},"f":{"0":0}}
,"/home/sites/phlix/phlix-tizen-client/package/assets/CastDevicesPage-BG6v993m-BKk7o6C_.js": {"path":"/home/sites/phlix/phlix-tizen-client/package/assets/CastDevicesPage-BG6v993m-BKk7o6C_.js","all":true,"statementMap":{"0":{"start":{"line":1,"column":0},"end":{"line":1,"column":10637}}},"s":{"0":0},"branchMap":{"0":{"type":"branch","line":1,"loc":{"start":{"line":1,"column":10637},"end":{"line":1,"column":10637}},"locations":[{"start":{"line":1,"column":10637},"end":{"line":1,"column":10637}}]}},"b":{"0":[0]},"fnMap":{"0":{"name":"(empty-report)","decl":{"start":{"line":1,"column":10637},"end":{"line":1,"column":10637}},"loc":{"start":{"line":1,"column":10637},"end":{"line":1,"column":10637}},"line":1}},"f":{"0":0}}
,"/home/sites/phlix/phlix-tizen-client/package/assets/Chip-2HcSZF4a-ohuLLsPE.js": {"path":"/home/sites/phlix/phlix-tizen-client/package/assets/Chip-2HcSZF4a-ohuLLsPE.js","all":true,"statementMap":{"0":{"start":{"line":1,"column":0},"end":{"line":1,"column":1219}}},"s":{"0":0},"branchMap":{"0":{"type":"branch","line":1,"loc":{"start":{"line":1,"column":1219},"end":{"line":1,"column":1219}},"locations":[{"start":{"line":1,"column":1219},"end":{"line":1,"column":1219}}]}},"b":{"0":[0]},"fnMap":{"0":{"name":"(empty-report)","decl":{"start":{"line":1,"column":1219},"end":{"line":1,"column":1219}},"loc":{"start":{"line":1,"column":1219},"end":{"line":1,"column":1219}},"line":1}},"f":{"0":0}}
,"/home/sites/phlix/phlix-tizen-client/package/assets/CollectionsPage-_X-x5ym4-DGgpnYfu.js": {"path":"/home/sites/phlix/phlix-tizen-client/package/assets/CollectionsPage-_X-x5ym4-DGgpnYfu.js","all":true,"statementMap":{"0":{"start":{"line":1,"column":0},"end":{"line":1,"column":9217}}},"s":{"0":0},"branchMap":{"0":{"type":"branch","line":1,"loc":{"start":{"line":1,"column":9217},"end":{"line":1,"column":9217}},"locations":[{"start":{"line":1,"column":9217},"end":{"line":1,"column":9217}}]}},"b":{"0":[0]},"fnMap":{"0":{"name":"(empty-report)","decl":{"start":{"line":1,"column":9217},"end":{"line":1,"column":9217}},"loc":{"start":{"line":1,"column":9217},"end":{"line":1,"column":9217}},"line":1}},"f":{"0":0}}
,"/home/sites/phlix/phlix-tizen-client/package/assets/CommandPalette-DgXPiuHU-mRtH7fzD.js": {"path":"/home/sites/phlix/phlix-tizen-client/package/assets/CommandPalette-DgXPiuHU-mRtH7fzD.js","all":true,"statementMap":{"0":{"start":{"line":1,"column":0},"end":{"line":1,"column":5844}}},"s":{"0":0},"branchMap":{"0":{"type":"branch","line":1,"loc":{"start":{"line":1,"column":5844},"end":{"line":1,"column":5844}},"locations":[{"start":{"line":1,"column":5844},"end":{"line":1,"column":5844}}]}},"b":{"0":[0]},"fnMap":{"0":{"name":"(empty-report)","decl":{"start":{"line":1,"column":5844},"end":{"line":1,"column":5844}},"loc":{"start":{"line":1,"column":5844},"end":{"line":1,"column":5844}},"line":1}},"f":{"0":0}}
,"/home/sites/phlix/phlix-tizen-client/package/assets/DashboardPage-HudcNNh1-BksG_q54.js": {"path":"/home/sites/phlix/phlix-tizen-client/package/assets/DashboardPage-HudcNNh1-BksG_q54.js","all":true,"statementMap":{"0":{"start":{"line":1,"column":0},"end":{"line":1,"column":12457}}},"s":{"0":0},"branchMap":{"0":{"type":"branch","line":1,"loc":{"start":{"line":1,"column":12457},"end":{"line":1,"column":12457}},"locations":[{"start":{"line":1,"column":12457},"end":{"line":1,"column":12457}}]}},"b":{"0":[0]},"fnMap":{"0":{"name":"(empty-report)","decl":{"start":{"line":1,"column":12457},"end":{"line":1,"column":12457}},"loc":{"start":{"line":1,"column":12457},"end":{"line":1,"column":12457}},"line":1}},"f":{"0":0}}
,"/home/sites/phlix/phlix-tizen-client/package/assets/DlnaServerPage-DgWfqhpZ-Bxq_QXaX.js": {"path":"/home/sites/phlix/phlix-tizen-client/package/assets/DlnaServerPage-DgWfqhpZ-Bxq_QXaX.js","all":true,"statementMap":{"0":{"start":{"line":1,"column":0},"end":{"line":1,"column":4304}}},"s":{"0":0},"branchMap":{"0":{"type":"branch","line":1,"loc":{"start":{"line":1,"column":4304},"end":{"line":1,"column":4304}},"locations":[{"start":{"line":1,"column":4304},"end":{"line":1,"column":4304}}]}},"b":{"0":[0]},"fnMap":{"0":{"name":"(empty-report)","decl":{"start":{"line":1,"column":4304},"end":{"line":1,"column":4304}},"loc":{"start":{"line":1,"column":4304},"end":{"line":1,"column":4304}},"line":1}},"f":{"0":0}}
,"/home/sites/phlix/phlix-tizen-client/package/assets/EmptyState-B2QnGIQT-DBMgx8fv.js": {"path":"/home/sites/phlix/phlix-tizen-client/package/assets/EmptyState-B2QnGIQT-DBMgx8fv.js","all":true,"statementMap":{"0":{"start":{"line":1,"column":0},"end":{"line":1,"column":724}}},"s":{"0":0},"branchMap":{"0":{"type":"branch","line":1,"loc":{"start":{"line":1,"column":724},"end":{"line":1,"column":724}},"locations":[{"start":{"line":1,"column":724},"end":{"line":1,"column":724}}]}},"b":{"0":[0]},"fnMap":{"0":{"name":"(empty-report)","decl":{"start":{"line":1,"column":724},"end":{"line":1,"column":724}},"loc":{"start":{"line":1,"column":724},"end":{"line":1,"column":724}},"line":1}},"f":{"0":0}}
,"/home/sites/phlix/phlix-tizen-client/package/assets/HistoryPage-HhFjB0Kf-BuRzP3EG.js": {"path":"/home/sites/phlix/phlix-tizen-client/package/assets/HistoryPage-HhFjB0Kf-BuRzP3EG.js","all":true,"statementMap":{"0":{"start":{"line":1,"column":0},"end":{"line":1,"column":5724}}},"s":{"0":0},"branchMap":{"0":{"type":"branch","line":1,"loc":{"start":{"line":1,"column":5724},"end":{"line":1,"column":5724}},"locations":[{"start":{"line":1,"column":5724},"end":{"line":1,"column":5724}}]}},"b":{"0":[0]},"fnMap":{"0":{"name":"(empty-report)","decl":{"start":{"line":1,"column":5724},"end":{"line":1,"column":5724}},"loc":{"start":{"line":1,"column":5724},"end":{"line":1,"column":5724}},"line":1}},"f":{"0":0}}
,"/home/sites/phlix/phlix-tizen-client/package/assets/HubDashboardPage-BYXEF2tJ-BPi0IFoJ.js": {"path":"/home/sites/phlix/phlix-tizen-client/package/assets/HubDashboardPage-BYXEF2tJ-BPi0IFoJ.js","all":true,"statementMap":{"0":{"start":{"line":1,"column":0},"end":{"line":1,"column":5033}}},"s":{"0":0},"branchMap":{"0":{"type":"branch","line":1,"loc":{"start":{"line":1,"column":5033},"end":{"line":1,"column":5033}},"locations":[{"start":{"line":1,"column":5033},"end":{"line":1,"column":5033}}]}},"b":{"0":[0]},"fnMap":{"0":{"name":"(empty-report)","decl":{"start":{"line":1,"column":5033},"end":{"line":1,"column":5033}},"loc":{"start":{"line":1,"column":5033},"end":{"line":1,"column":5033}},"line":1}},"f":{"0":0}}
,"/home/sites/phlix/phlix-tizen-client/package/assets/IntegrationsPage-CUbmW-o3-Vg9ukCJa.js": {"path":"/home/sites/phlix/phlix-tizen-client/package/assets/IntegrationsPage-CUbmW-o3-Vg9ukCJa.js","all":true,"statementMap":{"0":{"start":{"line":1,"column":0},"end":{"line":1,"column":15498}}},"s":{"0":0},"branchMap":{"0":{"type":"branch","line":1,"loc":{"start":{"line":1,"column":15498},"end":{"line":1,"column":15498}},"locations":[{"start":{"line":1,"column":15498},"end":{"line":1,"column":15498}}]}},"b":{"0":[0]},"fnMap":{"0":{"name":"(empty-report)","decl":{"start":{"line":1,"column":15498},"end":{"line":1,"column":15498}},"loc":{"start":{"line":1,"column":15498},"end":{"line":1,"column":15498}},"line":1}},"f":{"0":0}}
,"/home/sites/phlix/phlix-tizen-client/package/assets/LibrariesPage-Yn2dtPn9-BdEhDlYD.js": {"path":"/home/sites/phlix/phlix-tizen-client/package/assets/LibrariesPage-Yn2dtPn9-BdEhDlYD.js","all":true,"statementMap":{"0":{"start":{"line":1,"column":0},"end":{"line":1,"column":4494}},"1":{"start":{"line":2,"column":0},"end":{"line":2,"column":224}},"2":{"start":{"line":3,"column":0},"end":{"line":3,"column":8397}}},"s":{"0":0,"1":0,"2":0},"branchMap":{"0":{"type":"branch","line":1,"loc":{"start":{"line":1,"column":13117},"end":{"line":3,"column":8397}},"locations":[{"start":{"line":1,"column":13117},"end":{"line":3,"column":8397}}]}},"b":{"0":[0]},"fnMap":{"0":{"name":"(empty-report)","decl":{"start":{"line":1,"column":13117},"end":{"line":3,"column":8397}},"loc":{"start":{"line":1,"column":13117},"end":{"line":3,"column":8397}},"line":1}},"f":{"0":0}}
,"/home/sites/phlix/phlix-tizen-client/package/assets/LibraryPage-gSBcP7fI-BTFqGapg.js": {"path":"/home/sites/phlix/phlix-tizen-client/package/assets/LibraryPage-gSBcP7fI-BTFqGapg.js","all":true,"statementMap":{"0":{"start":{"line":1,"column":0},"end":{"line":1,"column":28104}}},"s":{"0":0},"branchMap":{"0":{"type":"branch","line":1,"loc":{"start":{"line":1,"column":28104},"end":{"line":1,"column":28104}},"locations":[{"start":{"line":1,"column":28104},"end":{"line":1,"column":28104}}]}},"b":{"0":[0]},"fnMap":{"0":{"name":"(empty-report)","decl":{"start":{"line":1,"column":28104},"end":{"line":1,"column":28104}},"loc":{"start":{"line":1,"column":28104},"end":{"line":1,"column":28104}},"line":1}},"f":{"0":0}}
,"/home/sites/phlix/phlix-tizen-client/package/assets/LiveTvPage-TF9fPsdl-CWYlBJUW.js": {"path":"/home/sites/phlix/phlix-tizen-client/package/assets/LiveTvPage-TF9fPsdl-CWYlBJUW.js","all":true,"statementMap":{"0":{"start":{"line":1,"column":0},"end":{"line":1,"column":26812}}},"s":{"0":0},"branchMap":{"0":{"type":"branch","line":1,"loc":{"start":{"line":1,"column":26812},"end":{"line":1,"column":26812}},"locations":[{"start":{"line":1,"column":26812},"end":{"line":1,"column":26812}}]}},"b":{"0":[0]},"fnMap":{"0":{"name":"(empty-report)","decl":{"start":{"line":1,"column":26812},"end":{"line":1,"column":26812}},"loc":{"start":{"line":1,"column":26812},"end":{"line":1,"column":26812}},"line":1}},"f":{"0":0}}
,"/home/sites/phlix/phlix-tizen-client/package/assets/LoginPage-BE8-KoLi-zazOk3-k.js": {"path":"/home/sites/phlix/phlix-tizen-client/package/assets/LoginPage-BE8-KoLi-zazOk3-k.js","all":true,"statementMap":{"0":{"start":{"line":1,"column":0},"end":{"line":1,"column":2882}}},"s":{"0":0},"branchMap":{"0":{"type":"branch","line":1,"loc":{"start":{"line":1,"column":2882},"end":{"line":1,"column":2882}},"locations":[{"start":{"line":1,"column":2882},"end":{"line":1,"column":2882}}]}},"b":{"0":[0]},"fnMap":{"0":{"name":"(empty-report)","decl":{"start":{"line":1,"column":2882},"end":{"line":1,"column":2882}},"loc":{"start":{"line":1,"column":2882},"end":{"line":1,"column":2882}},"line":1}},"f":{"0":0}}
,"/home/sites/phlix/phlix-tizen-client/package/assets/LogsPage-DaGQDu1D-BsPMaIxX.js": {"path":"/home/sites/phlix/phlix-tizen-client/package/assets/LogsPage-DaGQDu1D-BsPMaIxX.js","all":true,"statementMap":{"0":{"start":{"line":1,"column":0},"end":{"line":1,"column":4278}},"1":{"start":{"line":2,"column":0},"end":{"line":2,"column":73}}},"s":{"0":0,"1":0},"branchMap":{"0":{"type":"branch","line":1,"loc":{"start":{"line":1,"column":4352},"end":{"line":2,"column":73}},"locations":[{"start":{"line":1,"column":4352},"end":{"line":2,"column":73}}]}},"b":{"0":[0]},"fnMap":{"0":{"name":"(empty-report)","decl":{"start":{"line":1,"column":4352},"end":{"line":2,"column":73}},"loc":{"start":{"line":1,"column":4352},"end":{"line":2,"column":73}},"line":1}},"f":{"0":0}}
,"/home/sites/phlix/phlix-tizen-client/package/assets/MediaDetailPage-DGDAIlPN-KE30A5Q1.js": {"path":"/home/sites/phlix/phlix-tizen-client/package/assets/MediaDetailPage-DGDAIlPN-KE30A5Q1.js","all":true,"statementMap":{"0":{"start":{"line":1,"column":0},"end":{"line":1,"column":13977}}},"s":{"0":0},"branchMap":{"0":{"type":"branch","line":1,"loc":{"start":{"line":1,"column":13977},"end":{"line":1,"column":13977}},"locations":[{"start":{"line":1,"column":13977},"end":{"line":1,"column":13977}}]}},"b":{"0":[0]},"fnMap":{"0":{"name":"(empty-report)","decl":{"start":{"line":1,"column":13977},"end":{"line":1,"column":13977}},"loc":{"start":{"line":1,"column":13977},"end":{"line":1,"column":13977}},"line":1}},"f":{"0":0}}
,"/home/sites/phlix/phlix-tizen-client/package/assets/MediaRow-4otJo6GK-Cgq1NNno.js": {"path":"/home/sites/phlix/phlix-tizen-client/package/assets/MediaRow-4otJo6GK-Cgq1NNno.js","all":true,"statementMap":{"0":{"start":{"line":1,"column":0},"end":{"line":1,"column":2336}}},"s":{"0":0},"branchMap":{"0":{"type":"branch","line":1,"loc":{"start":{"line":1,"column":2336},"end":{"line":1,"column":2336}},"locations":[{"start":{"line":1,"column":2336},"end":{"line":1,"column":2336}}]}},"b":{"0":[0]},"fnMap":{"0":{"name":"(empty-report)","decl":{"start":{"line":1,"column":2336},"end":{"line":1,"column":2336}},"loc":{"start":{"line":1,"column":2336},"end":{"line":1,"column":2336}},"line":1}},"f":{"0":0}}
,"/home/sites/phlix/phlix-tizen-client/package/assets/MetadataMatchModal-DNu-dAPM-Bqe6Ac61.js": {"path":"/home/sites/phlix/phlix-tizen-client/package/assets/MetadataMatchModal-DNu-dAPM-Bqe6Ac61.js","all":true,"statementMap":{"0":{"start":{"line":1,"column":0},"end":{"line":1,"column":11448}}},"s":{"0":0},"branchMap":{"0":{"type":"branch","line":1,"loc":{"start":{"line":1,"column":11448},"end":{"line":1,"column":11448}},"locations":[{"start":{"line":1,"column":11448},"end":{"line":1,"column":11448}}]}},"b":{"0":[0]},"fnMap":{"0":{"name":"(empty-report)","decl":{"start":{"line":1,"column":11448},"end":{"line":1,"column":11448}},"loc":{"start":{"line":1,"column":11448},"end":{"line":1,"column":11448}},"line":1}},"f":{"0":0}}
,"/home/sites/phlix/phlix-tizen-client/package/assets/Modal-BJKZOPpV-DoTJCNN6.js": {"path":"/home/sites/phlix/phlix-tizen-client/package/assets/Modal-BJKZOPpV-DoTJCNN6.js","all":true,"statementMap":{"0":{"start":{"line":1,"column":0},"end":{"line":1,"column":1607}}},"s":{"0":0},"branchMap":{"0":{"type":"branch","line":1,"loc":{"start":{"line":1,"column":1607},"end":{"line":1,"column":1607}},"locations":[{"start":{"line":1,"column":1607},"end":{"line":1,"column":1607}}]}},"b":{"0":[0]},"fnMap":{"0":{"name":"(empty-report)","decl":{"start":{"line":1,"column":1607},"end":{"line":1,"column":1607}},"loc":{"start":{"line":1,"column":1607},"end":{"line":1,"column":1607}},"line":1}},"f":{"0":0}}
,"/home/sites/phlix/phlix-tizen-client/package/assets/PlayerPage-DtyaI5XX-BtzvHKdH.js": {"path":"/home/sites/phlix/phlix-tizen-client/package/assets/PlayerPage-DtyaI5XX-BtzvHKdH.js","all":true,"statementMap":{"0":{"start":{"line":1,"column":0},"end":{"line":1,"column":5054}}},"s":{"0":0},"branchMap":{"0":{"type":"branch","line":1,"loc":{"start":{"line":1,"column":5054},"end":{"line":1,"column":5054}},"locations":[{"start":{"line":1,"column":5054},"end":{"line":1,"column":5054}}]}},"b":{"0":[0]},"fnMap":{"0":{"name":"(empty-report)","decl":{"start":{"line":1,"column":5054},"end":{"line":1,"column":5054}},"loc":{"start":{"line":1,"column":5054},"end":{"line":1,"column":5054}},"line":1}},"f":{"0":0}}
,"/home/sites/phlix/phlix-tizen-client/package/assets/PluginsPage-CV0VPZpH-DxyBZIgI.js": {"path":"/home/sites/phlix/phlix-tizen-client/package/assets/PluginsPage-CV0VPZpH-DxyBZIgI.js","all":true,"statementMap":{"0":{"start":{"line":1,"column":0},"end":{"line":1,"column":21796}}},"s":{"0":0},"branchMap":{"0":{"type":"branch","line":1,"loc":{"start":{"line":1,"column":21796},"end":{"line":1,"column":21796}},"locations":[{"start":{"line":1,"column":21796},"end":{"line":1,"column":21796}}]}},"b":{"0":[0]},"fnMap":{"0":{"name":"(empty-report)","decl":{"start":{"line":1,"column":21796},"end":{"line":1,"column":21796}},"loc":{"start":{"line":1,"column":21796},"end":{"line":1,"column":21796}},"line":1}},"f":{"0":0}}
,"/home/sites/phlix/phlix-tizen-client/package/assets/RemoteAccessPage-CwCVLT0K-C_sjdVkp.js": {"path":"/home/sites/phlix/phlix-tizen-client/package/assets/RemoteAccessPage-CwCVLT0K-C_sjdVkp.js","all":true,"statementMap":{"0":{"start":{"line":1,"column":0},"end":{"line":1,"column":17293}}},"s":{"0":0},"branchMap":{"0":{"type":"branch","line":1,"loc":{"start":{"line":1,"column":17293},"end":{"line":1,"column":17293}},"locations":[{"start":{"line":1,"column":17293},"end":{"line":1,"column":17293}}]}},"b":{"0":[0]},"fnMap":{"0":{"name":"(empty-report)","decl":{"start":{"line":1,"column":17293},"end":{"line":1,"column":17293}},"loc":{"start":{"line":1,"column":17293},"end":{"line":1,"column":17293}},"line":1}},"f":{"0":0}}
,"/home/sites/phlix/phlix-tizen-client/package/assets/SeasonPage-BTGDnR70-B9lMQ1Ct.js": {"path":"/home/sites/phlix/phlix-tizen-client/package/assets/SeasonPage-BTGDnR70-B9lMQ1Ct.js","all":true,"statementMap":{"0":{"start":{"line":1,"column":0},"end":{"line":1,"column":5505}}},"s":{"0":0},"branchMap":{"0":{"type":"branch","line":1,"loc":{"start":{"line":1,"column":5505},"end":{"line":1,"column":5505}},"locations":[{"start":{"line":1,"column":5505},"end":{"line":1,"column":5505}}]}},"b":{"0":[0]},"fnMap":{"0":{"name":"(empty-report)","decl":{"start":{"line":1,"column":5505},"end":{"line":1,"column":5505}},"loc":{"start":{"line":1,"column":5505},"end":{"line":1,"column":5505}},"line":1}},"f":{"0":0}}
,"/home/sites/phlix/phlix-tizen-client/package/assets/ServicesPage-kigRm58f-CGzUku7J.js": {"path":"/home/sites/phlix/phlix-tizen-client/package/assets/ServicesPage-kigRm58f-CGzUku7J.js","all":true,"statementMap":{"0":{"start":{"line":1,"column":0},"end":{"line":1,"column":7589}}},"s":{"0":0},"branchMap":{"0":{"type":"branch","line":1,"loc":{"start":{"line":1,"column":7589},"end":{"line":1,"column":7589}},"locations":[{"start":{"line":1,"column":7589},"end":{"line":1,"column":7589}}]}},"b":{"0":[0]},"fnMap":{"0":{"name":"(empty-report)","decl":{"start":{"line":1,"column":7589},"end":{"line":1,"column":7589}},"loc":{"start":{"line":1,"column":7589},"end":{"line":1,"column":7589}},"line":1}},"f":{"0":0}}
,"/home/sites/phlix/phlix-tizen-client/package/assets/SettingsPage-Dkssc2Nk-CwTtRHLB.js": {"path":"/home/sites/phlix/phlix-tizen-client/package/assets/SettingsPage-Dkssc2Nk-CwTtRHLB.js","all":true,"statementMap":{"0":{"start":{"line":1,"column":0},"end":{"line":1,"column":14879}}},"s":{"0":0},"branchMap":{"0":{"type":"branch","line":1,"loc":{"start":{"line":1,"column":14879},"end":{"line":1,"column":14879}},"locations":[{"start":{"line":1,"column":14879},"end":{"line":1,"column":14879}}]}},"b":{"0":[0]},"fnMap":{"0":{"name":"(empty-report)","decl":{"start":{"line":1,"column":14879},"end":{"line":1,"column":14879}},"loc":{"start":{"line":1,"column":14879},"end":{"line":1,"column":14879}},"line":1}},"f":{"0":0}}
,"/home/sites/phlix/phlix-tizen-client/package/assets/SettingsPage-KpnqPaLJ-DCsqImjf.js": {"path":"/home/sites/phlix/phlix-tizen-client/package/assets/SettingsPage-KpnqPaLJ-DCsqImjf.js","all":true,"statementMap":{"0":{"start":{"line":1,"column":0},"end":{"line":1,"column":9495}}},"s":{"0":0},"branchMap":{"0":{"type":"branch","line":1,"loc":{"start":{"line":1,"column":9495},"end":{"line":1,"column":9495}},"locations":[{"start":{"line":1,"column":9495},"end":{"line":1,"column":9495}}]}},"b":{"0":[0]},"fnMap":{"0":{"name":"(empty-report)","decl":{"start":{"line":1,"column":9495},"end":{"line":1,"column":9495}},"loc":{"start":{"line":1,"column":9495},"end":{"line":1,"column":9495}},"line":1}},"f":{"0":0}}
,"/home/sites/phlix/phlix-tizen-client/package/assets/SignupPage-CGsL3I3--LO567Ysw.js": {"path":"/home/sites/phlix/phlix-tizen-client/package/assets/SignupPage-CGsL3I3--LO567Ysw.js","all":true,"statementMap":{"0":{"start":{"line":1,"column":0},"end":{"line":1,"column":3809}}},"s":{"0":0},"branchMap":{"0":{"type":"branch","line":1,"loc":{"start":{"line":1,"column":3809},"end":{"line":1,"column":3809}},"locations":[{"start":{"line":1,"column":3809},"end":{"line":1,"column":3809}}]}},"b":{"0":[0]},"fnMap":{"0":{"name":"(empty-report)","decl":{"start":{"line":1,"column":3809},"end":{"line":1,"column":3809}},"loc":{"start":{"line":1,"column":3809},"end":{"line":1,"column":3809}},"line":1}},"f":{"0":0}}
,"/home/sites/phlix/phlix-tizen-client/package/assets/Skeleton-DkSoWF3C-4flBTLYh.js": {"path":"/home/sites/phlix/phlix-tizen-client/package/assets/Skeleton-DkSoWF3C-4flBTLYh.js","all":true,"statementMap":{"0":{"start":{"line":1,"column":0},"end":{"line":1,"column":689}}},"s":{"0":0},"branchMap":{"0":{"type":"branch","line":1,"loc":{"start":{"line":1,"column":689},"end":{"line":1,"column":689}},"locations":[{"start":{"line":1,"column":689},"end":{"line":1,"column":689}}]}},"b":{"0":[0]},"fnMap":{"0":{"name":"(empty-report)","decl":{"start":{"line":1,"column":689},"end":{"line":1,"column":689}},"loc":{"start":{"line":1,"column":689},"end":{"line":1,"column":689}},"line":1}},"f":{"0":0}}
,"/home/sites/phlix/phlix-tizen-client/package/assets/Switch-CFZhdkXR-xXHCAh8b.js": {"path":"/home/sites/phlix/phlix-tizen-client/package/assets/Switch-CFZhdkXR-xXHCAh8b.js","all":true,"statementMap":{"0":{"start":{"line":1,"column":0},"end":{"line":1,"column":948}}},"s":{"0":0},"branchMap":{"0":{"type":"branch","line":1,"loc":{"start":{"line":1,"column":948},"end":{"line":1,"column":948}},"locations":[{"start":{"line":1,"column":948},"end":{"line":1,"column":948}}]}},"b":{"0":[0]},"fnMap":{"0":{"name":"(empty-report)","decl":{"start":{"line":1,"column":948},"end":{"line":1,"column":948}},"loc":{"start":{"line":1,"column":948},"end":{"line":1,"column":948}},"line":1}},"f":{"0":0}}
,"/home/sites/phlix/phlix-tizen-client/package/assets/SyncPlayPage-CVbEy_L4-COSTi9KC.js": {"path":"/home/sites/phlix/phlix-tizen-client/package/assets/SyncPlayPage-CVbEy_L4-COSTi9KC.js","all":true,"statementMap":{"0":{"start":{"line":1,"column":0},"end":{"line":1,"column":6582}}},"s":{"0":0},"branchMap":{"0":{"type":"branch","line":1,"loc":{"start":{"line":1,"column":6582},"end":{"line":1,"column":6582}},"locations":[{"start":{"line":1,"column":6582},"end":{"line":1,"column":6582}}]}},"b":{"0":[0]},"fnMap":{"0":{"name":"(empty-report)","decl":{"start":{"line":1,"column":6582},"end":{"line":1,"column":6582}},"loc":{"start":{"line":1,"column":6582},"end":{"line":1,"column":6582}},"line":1}},"f":{"0":0}}
,"/home/sites/phlix/phlix-tizen-client/package/assets/Tabs-x8dUKZN5-Dd3RXet0.js": {"path":"/home/sites/phlix/phlix-tizen-client/package/assets/Tabs-x8dUKZN5-Dd3RXet0.js","all":true,"statementMap":{"0":{"start":{"line":1,"column":0},"end":{"line":1,"column":1939}}},"s":{"0":0},"branchMap":{"0":{"type":"branch","line":1,"loc":{"start":{"line":1,"column":1939},"end":{"line":1,"column":1939}},"locations":[{"start":{"line":1,"column":1939},"end":{"line":1,"column":1939}}]}},"b":{"0":[0]},"fnMap":{"0":{"name":"(empty-report)","decl":{"start":{"line":1,"column":1939},"end":{"line":1,"column":1939}},"loc":{"start":{"line":1,"column":1939},"end":{"line":1,"column":1939}},"line":1}},"f":{"0":0}}
,"/home/sites/phlix/phlix-tizen-client/package/assets/UsersPage-BwxLE_cg-B37GDYc2.js": {"path":"/home/sites/phlix/phlix-tizen-client/package/assets/UsersPage-BwxLE_cg-B37GDYc2.js","all":true,"statementMap":{"0":{"start":{"line":1,"column":0},"end":{"line":1,"column":18580}}},"s":{"0":0},"branchMap":{"0":{"type":"branch","line":1,"loc":{"start":{"line":1,"column":18580},"end":{"line":1,"column":18580}},"locations":[{"start":{"line":1,"column":18580},"end":{"line":1,"column":18580}}]}},"b":{"0":[0]},"fnMap":{"0":{"name":"(empty-report)","decl":{"start":{"line":1,"column":18580},"end":{"line":1,"column":18580}},"loc":{"start":{"line":1,"column":18580},"end":{"line":1,"column":18580}},"line":1}},"f":{"0":0}}
,"/home/sites/phlix/phlix-tizen-client/package/assets/WebhooksPage-CeSRujD_-B4ZdhMH3.js": {"path":"/home/sites/phlix/phlix-tizen-client/package/assets/WebhooksPage-CeSRujD_-B4ZdhMH3.js","all":true,"statementMap":{"0":{"start":{"line":1,"column":0},"end":{"line":1,"column":9239}}},"s":{"0":0},"branchMap":{"0":{"type":"branch","line":1,"loc":{"start":{"line":1,"column":9239},"end":{"line":1,"column":9239}},"locations":[{"start":{"line":1,"column":9239},"end":{"line":1,"column":9239}}]}},"b":{"0":[0]},"fnMap":{"0":{"name":"(empty-report)","decl":{"start":{"line":1,"column":9239},"end":{"line":1,"column":9239}},"loc":{"start":{"line":1,"column":9239},"end":{"line":1,"column":9239}},"line":1}},"f":{"0":0}}
,"/home/sites/phlix/phlix-tizen-client/package/assets/hls-Be5Qwv5L-BYmQzvWw.js": {"path":"/home/sites/phlix/phlix-tizen-client/package/assets/hls-Be5Qwv5L-BYmQzvWw.js","all":true,"statementMap":{"0":{"start":{"line":1,"column":0},"end":{"line":1,"column":44595}},"1":{"start":{"line":2,"column":0},"end":{"line":2,"column":49}},"2":{"start":{"line":3,"column":0},"end":{"line":3,"column":44}},"3":{"start":{"line":4,"column":0},"end":{"line":4,"column":65}},"4":{"start":{"line":5,"column":0},"end":{"line":5,"column":69}},"5":{"start":{"line":6,"column":0},"end":{"line":6,"column":30}},"6":{"start":{"line":7,"column":0},"end":{"line":7,"column":52}},"7":{"start":{"line":8,"column":0},"end":{"line":8,"column":52}},"8":{"start":{"line":9,"column":0},"end":{"line":9,"column":282}},"9":{"start":{"line":10,"column":0},"end":{"line":10,"column":51}},"10":{"start":{"line":11,"column":0},"end":{"line":11,"column":66981}},"11":{"start":{"line":12,"column":0},"end":{"line":12,"column":31}},"12":{"start":{"line":13,"column":0},"end":{"line":13,"column":9}},"14":{"start":{"line":15,"column":0},"end":{"line":15,"column":31}},"15":{"start":{"line":16,"column":0},"end":{"line":16,"column":106067}},"16":{"start":{"line":17,"column":0},"end":{"line":17,"column":27}},"17":{"start":{"line":18,"column":0},"end":{"line":18,"column":25}},"18":{"start":{"line":19,"column":0},"end":{"line":19,"column":24}},"19":{"start":{"line":20,"column":0},"end":{"line":20,"column":32}},"20":{"start":{"line":21,"column":0},"end":{"line":21,"column":24}},"21":{"start":{"line":22,"column":0},"end":{"line":22,"column":26981}},"22":{"start":{"line":23,"column":0},"end":{"line":23,"column":21}},"23":{"start":{"line":24,"column":0},"end":{"line":24,"column":21}},"24":{"start":{"line":25,"column":0},"end":{"line":25,"column":6382}},"25":{"start":{"line":26,"column":0},"end":{"line":26,"column":60}},"26":{"start":{"line":27,"column":0},"end":{"line":27,"column":46603}},"27":{"start":{"line":28,"column":0},"end":{"line":28,"column":44880}},"28":{"start":{"line":29,"column":0},"end":{"line":29,"column":47486}},"29":{"start":{"line":30,"column":0},"end":{"line":30,"column":12995}},"30":{"start":{"line":31,"column":0},"end":{"line":31,"column":328}},"31":{"start":{"line":32,"column":0},"end":{"line":32,"column":58}},"32":{"start":{"line":33,"column":0},"end":{"line":33,"column":942}},"33":{"start":{"line":34,"column":0},"end":{"line":34,"column":256}},"35":{"start":{"line":36,"column":0},"end":{"line":36,"column":926}},"36":{"start":{"line":37,"column":0},"end":{"line":37,"column":10}},"37":{"start":{"line":38,"column":0},"end":{"line":38,"column":825}},"38":{"start":{"line":39,"column":0},"end":{"line":39,"column":1607}},"39":{"start":{"line":40,"column":0},"end":{"line":40,"column":100299}}},"s":{"0":0,"1":0,"2":0,"3":0,"4":0,"5":0,"6":0,"7":0,"8":0,"9":0,"10":0,"11":0,"12":0,"14":0,"15":0,"16":0,"17":0,"18":0,"19":0,"20":0,"21":0,"22":0,"23":0,"24":0,"25":0,"26":0,"27":0,"28":0,"29":0,"30":0,"31":0,"32":0,"33":0,"35":0,"36":0,"37":0,"38":0,"39":0},"branchMap":{"0":{"type":"branch","line":1,"loc":{"start":{"line":1,"column":509259},"end":{"line":40,"column":100299}},"locations":[{"start":{"line":1,"column":509259},"end":{"line":40,"column":100299}}]}},"b":{"0":[0]},"fnMap":{"0":{"name":"(empty-report)","decl":{"start":{"line":1,"column":509259},"end":{"line":40,"column":100299}},"loc":{"start":{"line":1,"column":509259},"end":{"line":40,"column":100299}},"line":1}},"f":{"0":0}}
,"/home/sites/phlix/phlix-tizen-client/package/assets/index-CPwP3lZX.js": {"path":"/home/sites/phlix/phlix-tizen-client/package/assets/index-CPwP3lZX.js","all":true,"statementMap":{"0":{"start":{"line":1,"column":0},"end":{"line":1,"column":1564}},"1":{"start":{"line":2,"column":0},"end":{"line":2,"column":111882}},"2":{"start":{"line":3,"column":0},"end":{"line":3,"column":132803}}},"s":{"0":0,"1":0,"2":0},"branchMap":{"0":{"type":"branch","line":1,"loc":{"start":{"line":1,"column":246251},"end":{"line":3,"column":132803}},"locations":[{"start":{"line":1,"column":246251},"end":{"line":3,"column":132803}}]}},"b":{"0":[0]},"fnMap":{"0":{"name":"(empty-report)","decl":{"start":{"line":1,"column":246251},"end":{"line":3,"column":132803}},"loc":{"start":{"line":1,"column":246251},"end":{"line":3,"column":132803}},"line":1}},"f":{"0":0}}
,"/home/sites/phlix/phlix-tizen-client/package/assets/series-grouping-BTZK8Agh-DWm-AodA.js": {"path":"/home/sites/phlix/phlix-tizen-client/package/assets/series-grouping-BTZK8Agh-DWm-AodA.js","all":true,"statementMap":{"0":{"start":{"line":1,"column":0},"end":{"line":1,"column":1383}}},"s":{"0":0},"branchMap":{"0":{"type":"branch","line":1,"loc":{"start":{"line":1,"column":1383},"end":{"line":1,"column":1383}},"locations":[{"start":{"line":1,"column":1383},"end":{"line":1,"column":1383}}]}},"b":{"0":[0]},"fnMap":{"0":{"name":"(empty-report)","decl":{"start":{"line":1,"column":1383},"end":{"line":1,"column":1383}},"loc":{"start":{"line":1,"column":1383},"end":{"line":1,"column":1383}},"line":1}},"f":{"0":0}}
,"/home/sites/phlix/phlix-tizen-client/package/assets/useApiBase-DhSHB6Qp-B0wtFAUS.js": {"path":"/home/sites/phlix/phlix-tizen-client/package/assets/useApiBase-DhSHB6Qp-B0wtFAUS.js","all":true,"statementMap":{"0":{"start":{"line":1,"column":0},"end":{"line":1,"column":1091}}},"s":{"0":0},"branchMap":{"0":{"type":"branch","line":1,"loc":{"start":{"line":1,"column":1091},"end":{"line":1,"column":1091}},"locations":[{"start":{"line":1,"column":1091},"end":{"line":1,"column":1091}}]}},"b":{"0":[0]},"fnMap":{"0":{"name":"(empty-report)","decl":{"start":{"line":1,"column":1091},"end":{"line":1,"column":1091}},"loc":{"start":{"line":1,"column":1091},"end":{"line":1,"column":1091}},"line":1}},"f":{"0":0}}
,"/home/sites/phlix/phlix-tizen-client/package/assets/useSeriesSeasons-BYY54zt4-Dky-fmf3.js": {"path":"/home/sites/phlix/phlix-tizen-client/package/assets/useSeriesSeasons-BYY54zt4-Dky-fmf3.js","all":true,"statementMap":{"0":{"start":{"line":1,"column":0},"end":{"line":1,"column":489}}},"s":{"0":0},"branchMap":{"0":{"type":"branch","line":1,"loc":{"start":{"line":1,"column":489},"end":{"line":1,"column":489}},"locations":[{"start":{"line":1,"column":489},"end":{"line":1,"column":489}}]}},"b":{"0":[0]},"fnMap":{"0":{"name":"(empty-report)","decl":{"start":{"line":1,"column":489},"end":{"line":1,"column":489}},"loc":{"start":{"line":1,"column":489},"end":{"line":1,"column":489}},"line":1}},"f":{"0":0}}
,"/home/sites/phlix/phlix-tizen-client/package/assets/useToastStore-BDoKlU6N-IaMOaej9.js": {"path":"/home/sites/phlix/phlix-tizen-client/package/assets/useToastStore-BDoKlU6N-IaMOaej9.js","all":true,"statementMap":{"0":{"start":{"line":1,"column":0},"end":{"line":1,"column":671}}},"s":{"0":0},"branchMap":{"0":{"type":"branch","line":1,"loc":{"start":{"line":1,"column":671},"end":{"line":1,"column":671}},"locations":[{"start":{"line":1,"column":671},"end":{"line":1,"column":671}}]}},"b":{"0":[0]},"fnMap":{"0":{"name":"(empty-report)","decl":{"start":{"line":1,"column":671},"end":{"line":1,"column":671}},"loc":{"start":{"line":1,"column":671},"end":{"line":1,"column":671}},"line":1}},"f":{"0":0}}
,"/home/sites/phlix/phlix-tizen-client/scripts/add-copyright.mjs": {"path":"/home/sites/phlix/phlix-tizen-client/scripts/add-copyright.mjs","all":true,"statementMap":{"0":{"start":{"line":1,"column":0},"end":{"line":1,"column":19}},"1":{"start":{"line":2,"column":0},"end":{"line":2,"column":3}},"2":{"start":{"line":3,"column":0},"end":{"line":3,"column":83}},"3":{"start":{"line":4,"column":0},"end":{"line":4,"column":68}},"4":{"start":{"line":5,"column":0},"end":{"line":5,"column":3}},"6":{"start":{"line":7,"column":0},"end":{"line":7,"column":67}},"7":{"start":{"line":8,"column":0},"end":{"line":8,"column":52}},"9":{"start":{"line":10,"column":0},"end":{"line":10,"column":73}},"11":{"start":{"line":12,"column":0},"end":{"line":12,"column":105}},"12":{"start":{"line":13,"column":0},"end":{"line":13,"column":34}},"13":{"start":{"line":14,"column":0},"end":{"line":14,"column":72}},"14":{"start":{"line":15,"column":0},"end":{"line":15,"column":23}},"16":{"start":{"line":17,"column":0},"end":{"line":17,"column":32}},"17":{"start":{"line":18,"column":0},"end":{"line":18,"column":66}},"18":{"start":{"line":19,"column":0},"end":{"line":19,"column":39}},"19":{"start":{"line":20,"column":0},"end":{"line":20,"column":30}},"20":{"start":{"line":21,"column":0},"end":{"line":21,"column":59}},"21":{"start":{"line":22,"column":0},"end":{"line":22,"column":12}},"22":{"start":{"line":23,"column":0},"end":{"line":23,"column":38}},"23":{"start":{"line":24,"column":0},"end":{"line":24,"column":40}},"24":{"start":{"line":25,"column":0},"end":{"line":25,"column":78}},"25":{"start":{"line":26,"column":0},"end":{"line":26,"column":25}},"26":{"start":{"line":27,"column":0},"end":{"line":27,"column":7}},"27":{"start":{"line":28,"column":0},"end":{"line":28,"column":5}},"28":{"start":{"line":29,"column":0},"end":{"line":29,"column":3}},"29":{"start":{"line":30,"column":0},"end":{"line":30,"column":15}},"30":{"start":{"line":31,"column":0},"end":{"line":31,"column":1}},"32":{"start":{"line":33,"column":0},"end":{"line":33,"column":26}},"33":{"start":{"line":34,"column":0},"end":{"line":34,"column":31}},"34":{"start":{"line":35,"column":0},"end":{"line":35,"column":1}},"36":{"start":{"line":37,"column":0},"end":{"line":37,"column":82}},"37":{"start":{"line":38,"column":0},"end":{"line":38,"column":40}},"38":{"start":{"line":39,"column":0},"end":{"line":39,"column":46}},"39":{"start":{"line":40,"column":0},"end":{"line":40,"column":42}},"40":{"start":{"line":41,"column":0},"end":{"line":41,"column":3}},"41":{"start":{"line":42,"column":0},"end":{"line":42,"column":12}},"42":{"start":{"line":43,"column":0},"end":{"line":43,"column":1}},"44":{"start":{"line":45,"column":0},"end":{"line":45,"column":62}},"45":{"start":{"line":46,"column":0},"end":{"line":46,"column":70}},"46":{"start":{"line":47,"column":0},"end":{"line":47,"column":76}},"47":{"start":{"line":48,"column":0},"end":{"line":48,"column":84}},"48":{"start":{"line":49,"column":0},"end":{"line":49,"column":36}},"49":{"start":{"line":50,"column":0},"end":{"line":50,"column":36}},"51":{"start":{"line":52,"column":0},"end":{"line":52,"column":17}},"52":{"start":{"line":53,"column":0},"end":{"line":53,"column":58}},"54":{"start":{"line":55,"column":0},"end":{"line":55,"column":81}},"55":{"start":{"line":56,"column":0},"end":{"line":56,"column":76}},"57":{"start":{"line":58,"column":0},"end":{"line":58,"column":26}},"58":{"start":{"line":59,"column":0},"end":{"line":59,"column":50}},"59":{"start":{"line":60,"column":0},"end":{"line":60,"column":33}},"61":{"start":{"line":62,"column":0},"end":{"line":62,"column":61}},"62":{"start":{"line":63,"column":0},"end":{"line":63,"column":74}},"64":{"start":{"line":65,"column":0},"end":{"line":65,"column":85}},"65":{"start":{"line":66,"column":0},"end":{"line":66,"column":33}},"66":{"start":{"line":67,"column":0},"end":{"line":67,"column":47}},"67":{"start":{"line":68,"column":0},"end":{"line":68,"column":36}},"68":{"start":{"line":69,"column":0},"end":{"line":69,"column":79}},"69":{"start":{"line":70,"column":0},"end":{"line":70,"column":20}},"70":{"start":{"line":71,"column":0},"end":{"line":71,"column":3}},"72":{"start":{"line":73,"column":0},"end":{"line":73,"column":25}},"73":{"start":{"line":74,"column":0},"end":{"line":74,"column":44}},"74":{"start":{"line":75,"column":0},"end":{"line":75,"column":24}},"75":{"start":{"line":76,"column":0},"end":{"line":76,"column":1}},"77":{"start":{"line":78,"column":0},"end":{"line":78,"column":63}},"78":{"start":{"line":79,"column":0},"end":{"line":79,"column":37}},"79":{"start":{"line":80,"column":0},"end":{"line":80,"column":36}},"80":{"start":{"line":81,"column":0},"end":{"line":81,"column":17}},"81":{"start":{"line":82,"column":0},"end":{"line":82,"column":58}},"83":{"start":{"line":84,"column":0},"end":{"line":84,"column":20}},"84":{"start":{"line":85,"column":0},"end":{"line":85,"column":10}},"85":{"start":{"line":86,"column":0},"end":{"line":86,"column":52}},"86":{"start":{"line":87,"column":0},"end":{"line":87,"column":9}},"87":{"start":{"line":88,"column":0},"end":{"line":88,"column":14}},"88":{"start":{"line":89,"column":0},"end":{"line":89,"column":10}},"89":{"start":{"line":90,"column":0},"end":{"line":90,"column":7}},"90":{"start":{"line":91,"column":0},"end":{"line":91,"column":4}},"92":{"start":{"line":93,"column":0},"end":{"line":93,"column":85}},"93":{"start":{"line":94,"column":0},"end":{"line":94,"column":1}},"95":{"start":{"line":96,"column":0},"end":{"line":96,"column":34}},"96":{"start":{"line":97,"column":0},"end":{"line":97,"column":49}},"97":{"start":{"line":98,"column":0},"end":{"line":98,"column":76}},"98":{"start":{"line":99,"column":0},"end":{"line":99,"column":65}},"99":{"start":{"line":100,"column":0},"end":{"line":100,"column":1}},"101":{"start":{"line":102,"column":0},"end":{"line":102,"column":56}},"102":{"start":{"line":103,"column":0},"end":{"line":103,"column":60}},"103":{"start":{"line":104,"column":0},"end":{"line":104,"column":43}},"104":{"start":{"line":105,"column":0},"end":{"line":105,"column":36}},"106":{"start":{"line":107,"column":0},"end":{"line":107,"column":23}},"107":{"start":{"line":108,"column":0},"end":{"line":108,"column":23}},"108":{"start":{"line":109,"column":0},"end":{"line":109,"column":42}},"109":{"start":{"line":110,"column":0},"end":{"line":110,"column":39}},"110":{"start":{"line":111,"column":0},"end":{"line":111,"column":22}},"111":{"start":{"line":112,"column":0},"end":{"line":112,"column":12}},"112":{"start":{"line":113,"column":0},"end":{"line":113,"column":5}},"113":{"start":{"line":114,"column":0},"end":{"line":114,"column":3}},"114":{"start":{"line":115,"column":0},"end":{"line":115,"column":38}},"116":{"start":{"line":117,"column":0},"end":{"line":117,"column":71}},"117":{"start":{"line":118,"column":0},"end":{"line":118,"column":34}},"118":{"start":{"line":119,"column":0},"end":{"line":119,"column":52}},"119":{"start":{"line":120,"column":0},"end":{"line":120,"column":33}},"120":{"start":{"line":121,"column":0},"end":{"line":121,"column":24}},"121":{"start":{"line":122,"column":0},"end":{"line":122,"column":12}},"122":{"start":{"line":123,"column":0},"end":{"line":123,"column":5}},"123":{"start":{"line":124,"column":0},"end":{"line":124,"column":3}},"125":{"start":{"line":126,"column":0},"end":{"line":126,"column":37}},"126":{"start":{"line":127,"column":0},"end":{"line":127,"column":20}},"127":{"start":{"line":128,"column":0},"end":{"line":128,"column":58}},"128":{"start":{"line":129,"column":0},"end":{"line":129,"column":36}},"129":{"start":{"line":130,"column":0},"end":{"line":130,"column":33}},"130":{"start":{"line":131,"column":0},"end":{"line":131,"column":34}},"131":{"start":{"line":132,"column":0},"end":{"line":132,"column":19}},"132":{"start":{"line":133,"column":0},"end":{"line":133,"column":12}},"133":{"start":{"line":134,"column":0},"end":{"line":134,"column":5}},"134":{"start":{"line":135,"column":0},"end":{"line":135,"column":73}},"135":{"start":{"line":136,"column":0},"end":{"line":136,"column":83}},"136":{"start":{"line":137,"column":0},"end":{"line":137,"column":12}},"137":{"start":{"line":138,"column":0},"end":{"line":138,"column":5}},"138":{"start":{"line":139,"column":0},"end":{"line":139,"column":3}},"140":{"start":{"line":141,"column":0},"end":{"line":141,"column":35}},"142":{"start":{"line":143,"column":0},"end":{"line":143,"column":50}},"143":{"start":{"line":144,"column":0},"end":{"line":144,"column":33}},"145":{"start":{"line":146,"column":0},"end":{"line":146,"column":61}},"146":{"start":{"line":147,"column":0},"end":{"line":147,"column":74}},"148":{"start":{"line":149,"column":0},"end":{"line":149,"column":34}},"149":{"start":{"line":150,"column":0},"end":{"line":150,"column":33}},"150":{"start":{"line":151,"column":0},"end":{"line":151,"column":47}},"151":{"start":{"line":152,"column":0},"end":{"line":152,"column":36}},"152":{"start":{"line":153,"column":0},"end":{"line":153,"column":79}},"153":{"start":{"line":154,"column":0},"end":{"line":154,"column":20}},"154":{"start":{"line":155,"column":0},"end":{"line":155,"column":3}},"156":{"start":{"line":157,"column":0},"end":{"line":157,"column":25}},"157":{"start":{"line":158,"column":0},"end":{"line":158,"column":44}},"158":{"start":{"line":159,"column":0},"end":{"line":159,"column":24}},"159":{"start":{"line":160,"column":0},"end":{"line":160,"column":1}},"161":{"start":{"line":162,"column":0},"end":{"line":162,"column":64}},"162":{"start":{"line":163,"column":0},"end":{"line":163,"column":44}},"163":{"start":{"line":164,"column":0},"end":{"line":164,"column":36}},"165":{"start":{"line":166,"column":0},"end":{"line":166,"column":23}},"166":{"start":{"line":167,"column":0},"end":{"line":167,"column":23}},"167":{"start":{"line":168,"column":0},"end":{"line":168,"column":25}},"168":{"start":{"line":169,"column":0},"end":{"line":169,"column":42}},"169":{"start":{"line":170,"column":0},"end":{"line":170,"column":39}},"170":{"start":{"line":171,"column":0},"end":{"line":171,"column":22}},"171":{"start":{"line":172,"column":0},"end":{"line":172,"column":46}},"172":{"start":{"line":173,"column":0},"end":{"line":173,"column":37}},"173":{"start":{"line":174,"column":0},"end":{"line":174,"column":28}},"174":{"start":{"line":175,"column":0},"end":{"line":175,"column":16}},"175":{"start":{"line":176,"column":0},"end":{"line":176,"column":9}},"176":{"start":{"line":177,"column":0},"end":{"line":177,"column":7}},"177":{"start":{"line":178,"column":0},"end":{"line":178,"column":12}},"178":{"start":{"line":179,"column":0},"end":{"line":179,"column":5}},"179":{"start":{"line":180,"column":0},"end":{"line":180,"column":3}},"181":{"start":{"line":182,"column":0},"end":{"line":182,"column":62}},"183":{"start":{"line":184,"column":0},"end":{"line":184,"column":20}},"184":{"start":{"line":185,"column":0},"end":{"line":185,"column":10}},"185":{"start":{"line":186,"column":0},"end":{"line":186,"column":49}},"186":{"start":{"line":187,"column":0},"end":{"line":187,"column":9}},"187":{"start":{"line":188,"column":0},"end":{"line":188,"column":14}},"188":{"start":{"line":189,"column":0},"end":{"line":189,"column":10}},"189":{"start":{"line":190,"column":0},"end":{"line":190,"column":7}},"190":{"start":{"line":191,"column":0},"end":{"line":191,"column":4}},"192":{"start":{"line":193,"column":0},"end":{"line":193,"column":55}},"193":{"start":{"line":194,"column":0},"end":{"line":194,"column":25}},"194":{"start":{"line":195,"column":0},"end":{"line":195,"column":48}},"195":{"start":{"line":196,"column":0},"end":{"line":196,"column":24}},"196":{"start":{"line":197,"column":0},"end":{"line":197,"column":1}},"198":{"start":{"line":199,"column":0},"end":{"line":199,"column":35}},"199":{"start":{"line":200,"column":0},"end":{"line":200,"column":49}},"200":{"start":{"line":201,"column":0},"end":{"line":201,"column":76}},"201":{"start":{"line":202,"column":0},"end":{"line":202,"column":79}},"202":{"start":{"line":203,"column":0},"end":{"line":203,"column":1}},"204":{"start":{"line":205,"column":0},"end":{"line":205,"column":17}},"205":{"start":{"line":206,"column":0},"end":{"line":206,"column":29}},"207":{"start":{"line":208,"column":0},"end":{"line":208,"column":16}},"208":{"start":{"line":209,"column":0},"end":{"line":209,"column":16}},"209":{"start":{"line":210,"column":0},"end":{"line":210,"column":19}},"211":{"start":{"line":212,"column":0},"end":{"line":212,"column":30}},"212":{"start":{"line":213,"column":0},"end":{"line":213,"column":28}},"213":{"start":{"line":214,"column":0},"end":{"line":214,"column":24}},"215":{"start":{"line":216,"column":0},"end":{"line":216,"column":24}},"216":{"start":{"line":217,"column":0},"end":{"line":217,"column":38}},"217":{"start":{"line":218,"column":0},"end":{"line":218,"column":32}},"218":{"start":{"line":219,"column":0},"end":{"line":219,"column":37}},"219":{"start":{"line":220,"column":0},"end":{"line":220,"column":3}},"221":{"start":{"line":222,"column":0},"end":{"line":222,"column":28}},"222":{"start":{"line":223,"column":0},"end":{"line":223,"column":44}},"223":{"start":{"line":224,"column":0},"end":{"line":224,"column":14}},"224":{"start":{"line":225,"column":0},"end":{"line":225,"column":23}},"225":{"start":{"line":226,"column":0},"end":{"line":226,"column":34}},"226":{"start":{"line":227,"column":0},"end":{"line":227,"column":10}},"227":{"start":{"line":228,"column":0},"end":{"line":228,"column":14}},"228":{"start":{"line":229,"column":0},"end":{"line":229,"column":34}},"229":{"start":{"line":230,"column":0},"end":{"line":230,"column":3}},"230":{"start":{"line":231,"column":0},"end":{"line":231,"column":1}},"232":{"start":{"line":233,"column":0},"end":{"line":233,"column":71}},"233":{"start":{"line":234,"column":0},"end":{"line":234,"column":25}},"234":{"start":{"line":235,"column":0},"end":{"line":235,"column":28}},"235":{"start":{"line":236,"column":0},"end":{"line":236,"column":49}},"236":{"start":{"line":237,"column":0},"end":{"line":237,"column":1}}},"s":{"0":0,"1":0,"2":0,"3":0,"4":0,"6":0,"7":0,"9":0,"11":0,"12":0,"13":0,"14":0,"16":0,"17":0,"18":0,"19":0,"20":0,"21":0,"22":0,"23":0,"24":0,"25":0,"26":0,"27":0,"28":0,"29":0,"30":0,"32":0,"33":0,"34":0,"36":0,"37":0,"38":0,"39":0,"40":0,"41":0,"42":0,"44":0,"45":0,"46":0,"47":0,"48":0,"49":0,"51":0,"52":0,"54":0,"55":0,"57":0,"58":0,"59":0,"61":0,"62":0,"64":0,"65":0,"66":0,"67":0,"68":0,"69":0,"70":0,"72":0,"73":0,"74":0,"75":0,"77":0,"78":0,"79":0,"80":0,"81":0,"83":0,"84":0,"85":0,"86":0,"87":0,"88":0,"89":0,"90":0,"92":0,"93":0,"95":0,"96":0,"97":0,"98":0,"99":0,"101":0,"102":0,"103":0,"104":0,"106":0,"107":0,"108":0,"109":0,"110":0,"111":0,"112":0,"113":0,"114":0,"116":0,"117":0,"118":0,"119":0,"120":0,"121":0,"122":0,"123":0,"125":0,"126":0,"127":0,"128":0,"129":0,"130":0,"131":0,"132":0,"133":0,"134":0,"135":0,"136":0,"137":0,"138":0,"140":0,"142":0,"143":0,"145":0,"146":0,"148":0,"149":0,"150":0,"151":0,"152":0,"153":0,"154":0,"156":0,"157":0,"158":0,"159":0,"161":0,"162":0,"163":0,"165":0,"166":0,"167":0,"168":0,"169":0,"170":0,"171":0,"172":0,"173":0,"174":0,"175":0,"176":0,"177":0,"178":0,"179":0,"181":0,"183":0,"184":0,"185":0,"186":0,"187":0,"188":0,"189":0,"190":0,"192":0,"193":0,"194":0,"195":0,"196":0,"198":0,"199":0,"200":0,"201":0,"202":0,"204":0,"205":0,"207":0,"208":0,"209":0,"211":0,"212":0,"213":0,"215":0,"216":0,"217":0,"218":0,"219":0,"221":0,"222":0,"223":0,"224":0,"225":0,"226":0,"227":0,"228":0,"229":0,"230":0,"232":0,"233":0,"234":0,"235":0,"236":0},"branchMap":{"0":{"type":"branch","line":1,"loc":{"start":{"line":1,"column":0},"end":{"line":237,"column":-347}},"locations":[{"start":{"line":1,"column":0},"end":{"line":237,"column":-347}}]}},"b":{"0":[0]},"fnMap":{"0":{"name":"(empty-report)","decl":{"start":{"line":1,"column":0},"end":{"line":237,"column":-347}},"loc":{"start":{"line":1,"column":0},"end":{"line":237,"column":-347}},"line":1}},"f":{"0":0}}
,"/home/sites/phlix/phlix-tizen-client/scripts/package.js": {"path":"/home/sites/phlix/phlix-tizen-client/scripts/package.js","all":true,"statementMap":{"0":{"start":{"line":1,"column":0},"end":{"line":1,"column":3}},"1":{"start":{"line":2,"column":0},"end":{"line":2,"column":25}},"2":{"start":{"line":3,"column":0},"end":{"line":3,"column":77}},"3":{"start":{"line":4,"column":0},"end":{"line":4,"column":39}},"4":{"start":{"line":5,"column":0},"end":{"line":5,"column":2}},"5":{"start":{"line":6,"column":0},"end":{"line":6,"column":75}},"6":{"start":{"line":7,"column":0},"end":{"line":7,"column":66}},"7":{"start":{"line":8,"column":0},"end":{"line":8,"column":3}},"9":{"start":{"line":10,"column":0},"end":{"line":10,"column":46}},"10":{"start":{"line":11,"column":0},"end":{"line":11,"column":25}},"11":{"start":{"line":12,"column":0},"end":{"line":12,"column":29}},"12":{"start":{"line":13,"column":0},"end":{"line":13,"column":41}},"14":{"start":{"line":15,"column":0},"end":{"line":15,"column":63}},"15":{"start":{"line":16,"column":0},"end":{"line":16,"column":40}},"16":{"start":{"line":17,"column":0},"end":{"line":17,"column":40}},"17":{"start":{"line":18,"column":0},"end":{"line":18,"column":42}},"19":{"start":{"line":20,"column":0},"end":{"line":20,"column":23}},"20":{"start":{"line":21,"column":0},"end":{"line":21,"column":40}},"22":{"start":{"line":23,"column":0},"end":{"line":23,"column":32}},"23":{"start":{"line":24,"column":0},"end":{"line":24,"column":52}},"24":{"start":{"line":25,"column":0},"end":{"line":25,"column":20}},"25":{"start":{"line":26,"column":0},"end":{"line":26,"column":3}},"27":{"start":{"line":28,"column":0},"end":{"line":28,"column":29}},"28":{"start":{"line":29,"column":0},"end":{"line":29,"column":30}},"29":{"start":{"line":30,"column":0},"end":{"line":30,"column":43}},"30":{"start":{"line":31,"column":0},"end":{"line":31,"column":3}},"31":{"start":{"line":32,"column":0},"end":{"line":32,"column":23}},"33":{"start":{"line":34,"column":0},"end":{"line":34,"column":68}},"34":{"start":{"line":35,"column":0},"end":{"line":35,"column":66}},"36":{"start":{"line":37,"column":0},"end":{"line":37,"column":56}},"37":{"start":{"line":38,"column":0},"end":{"line":38,"column":87}},"39":{"start":{"line":40,"column":0},"end":{"line":40,"column":75}},"40":{"start":{"line":41,"column":0},"end":{"line":41,"column":69}},"41":{"start":{"line":42,"column":0},"end":{"line":42,"column":70}},"42":{"start":{"line":43,"column":0},"end":{"line":43,"column":38}},"43":{"start":{"line":44,"column":0},"end":{"line":44,"column":18}},"44":{"start":{"line":45,"column":0},"end":{"line":45,"column":96}},"45":{"start":{"line":46,"column":0},"end":{"line":46,"column":6}},"46":{"start":{"line":47,"column":0},"end":{"line":47,"column":20}},"47":{"start":{"line":48,"column":0},"end":{"line":48,"column":3}},"49":{"start":{"line":50,"column":0},"end":{"line":50,"column":45}},"50":{"start":{"line":51,"column":0},"end":{"line":51,"column":92}},"51":{"start":{"line":52,"column":0},"end":{"line":52,"column":1}},"53":{"start":{"line":54,"column":0},"end":{"line":54,"column":13}}},"s":{"0":0,"1":0,"2":0,"3":0,"4":0,"5":0,"6":0,"7":0,"9":0,"10":0,"11":0,"12":0,"14":0,"15":0,"16":0,"17":0,"19":0,"20":0,"22":0,"23":0,"24":0,"25":0,"27":0,"28":0,"29":0,"30":0,"31":0,"33":0,"34":0,"36":0,"37":0,"39":0,"40":0,"41":0,"42":0,"43":0,"44":0,"45":0,"46":0,"47":0,"49":0,"50":0,"51":0,"53":0},"branchMap":{"0":{"type":"branch","line":1,"loc":{"start":{"line":1,"column":299},"end":{"line":54,"column":-588}},"locations":[{"start":{"line":1,"column":299},"end":{"line":54,"column":-588}}]}},"b":{"0":[0]},"fnMap":{"0":{"name":"(empty-report)","decl":{"start":{"line":1,"column":299},"end":{"line":54,"column":-588}},"loc":{"start":{"line":1,"column":299},"end":{"line":54,"column":-588}},"line":1}},"f":{"0":0}}
,"/home/sites/phlix/phlix-tizen-client/src/SpatialNavHost.vue": {"path":"/home/sites/phlix/phlix-tizen-client/src/SpatialNavHost.vue","all":false,"statementMap":{"1":{"start":{"line":2,"column":0},"end":{"line":2,"column":3}},"23":{"start":{"line":24,"column":0},"end":{"line":24,"column":38}},"24":{"start":{"line":25,"column":0},"end":{"line":25,"column":63}},"25":{"start":{"line":26,"column":0},"end":{"line":26,"column":50}},"27":{"start":{"line":28,"column":0},"end":{"line":28,"column":25}},"28":{"start":{"line":29,"column":0},"end":{"line":29,"column":36}},"30":{"start":{"line":31,"column":0},"end":{"line":31,"column":15}},"31":{"start":{"line":32,"column":0},"end":{"line":32,"column":89}},"32":{"start":{"line":33,"column":0},"end":{"line":33,"column":3}},"36":{"start":{"line":37,"column":0},"end":{"line":37,"column":31}}},"s":{"1":1,"23":1,"24":1,"25":1,"27":1,"28":1,"30":1,"31":1,"32":1,"36":1},"branchMap":{"0":{"type":"branch","line":32,"loc":{"start":{"line":32,"column":11},"end":{"line":32,"column":89}},"locations":[{"start":{"line":32,"column":11},"end":{"line":32,"column":89}}]},"1":{"type":"branch","line":32,"loc":{"start":{"line":32,"column":33},"end":{"line":32,"column":65}},"locations":[{"start":{"line":32,"column":33},"end":{"line":32,"column":65}}]},"2":{"type":"branch","line":32,"loc":{"start":{"line":32,"column":53},"end":{"line":32,"column":89}},"locations":[{"start":{"line":32,"column":53},"end":{"line":32,"column":89}}]}},"b":{"0":[5],"1":[4],"2":[3]},"fnMap":{"0":{"name":"enabled","decl":{"start":{"line":32,"column":11},"end":{"line":32,"column":89}},"loc":{"start":{"line":32,"column":11},"end":{"line":32,"column":89}},"line":32}},"f":{"0":5}}
,"/home/sites/phlix/phlix-tizen-client/src/deviceId.ts": {"path":"/home/sites/phlix/phlix-tizen-client/src/deviceId.ts","all":false,"statementMap":{"0":{"start":{"line":1,"column":0},"end":{"line":1,"column":3}},"11":{"start":{"line":12,"column":0},"end":{"line":12,"column":39}},"15":{"start":{"line":16,"column":0},"end":{"line":16,"column":24}},"18":{"start":{"line":19,"column":0},"end":{"line":19,"column":37}},"19":{"start":{"line":20,"column":0},"end":{"line":20,"column":78}},"20":{"start":{"line":21,"column":0},"end":{"line":21,"column":48}},"21":{"start":{"line":22,"column":0},"end":{"line":22,"column":37}},"22":{"start":{"line":23,"column":0},"end":{"line":23,"column":3}},"25":{"start":{"line":26,"column":0},"end":{"line":26,"column":23}},"26":{"start":{"line":27,"column":0},"end":{"line":27,"column":76}},"27":{"start":{"line":28,"column":0},"end":{"line":28,"column":1}},"33":{"start":{"line":34,"column":0},"end":{"line":34,"column":65}},"34":{"start":{"line":35,"column":0},"end":{"line":35,"column":50}},"35":{"start":{"line":36,"column":0},"end":{"line":36,"column":17}},"36":{"start":{"line":37,"column":0},"end":{"line":37,"column":20}},"37":{"start":{"line":38,"column":0},"end":{"line":38,"column":3}},"38":{"start":{"line":39,"column":0},"end":{"line":39,"column":32}},"39":{"start":{"line":40,"column":0},"end":{"line":40,"column":37}},"40":{"start":{"line":41,"column":0},"end":{"line":41,"column":12}},"41":{"start":{"line":42,"column":0},"end":{"line":42,"column":1}}},"s":{"0":1,"11":1,"15":1,"18":7,"19":7,"20":7,"21":6,"22":6,"25":1,"26":1,"27":1,"33":1,"34":16,"35":16,"36":9,"37":9,"38":7,"39":7,"40":7,"41":7},"branchMap":{"0":{"type":"branch","line":19,"loc":{"start":{"line":19,"column":0},"end":{"line":28,"column":1}},"locations":[{"start":{"line":19,"column":0},"end":{"line":28,"column":1}}]},"1":{"type":"branch","line":21,"loc":{"start":{"line":21,"column":47},"end":{"line":23,"column":3}},"locations":[{"start":{"line":21,"column":47},"end":{"line":23,"column":3}}]},"2":{"type":"branch","line":23,"loc":{"start":{"line":23,"column":2},"end":{"line":28,"column":1}},"locations":[{"start":{"line":23,"column":2},"end":{"line":28,"column":1}}]},"3":{"type":"branch","line":34,"loc":{"start":{"line":34,"column":7},"end":{"line":42,"column":1}},"locations":[{"start":{"line":34,"column":7},"end":{"line":42,"column":1}}]},"4":{"type":"branch","line":36,"loc":{"start":{"line":36,"column":16},"end":{"line":38,"column":3}},"locations":[{"start":{"line":36,"column":16},"end":{"line":38,"column":3}}]},"5":{"type":"branch","line":38,"loc":{"start":{"line":38,"column":2},"end":{"line":42,"column":1}},"locations":[{"start":{"line":38,"column":2},"end":{"line":42,"column":1}}]}},"b":{"0":[7],"1":[6],"2":[1],"3":[16],"4":[9],"5":[7]},"fnMap":{"0":{"name":"generateDeviceId","decl":{"start":{"line":19,"column":0},"end":{"line":28,"column":1}},"loc":{"start":{"line":19,"column":0},"end":{"line":28,"column":1}},"line":19},"1":{"name":"resolveDeviceId","decl":{"start":{"line":34,"column":7},"end":{"line":42,"column":1}},"loc":{"start":{"line":34,"column":7},"end":{"line":42,"column":1}},"line":34}},"f":{"0":7,"1":16}}
,"/home/sites/phlix/phlix-tizen-client/src/main.ts": {"path":"/home/sites/phlix/phlix-tizen-client/src/main.ts","all":false,"statementMap":{"0":{"start":{"line":1,"column":0},"end":{"line":1,"column":3}},"7":{"start":{"line":8,"column":0},"end":{"line":8,"column":21}},"8":{"start":{"line":9,"column":0},"end":{"line":9,"column":32}},"11":{"start":{"line":12,"column":0},"end":{"line":12,"column":78}},"12":{"start":{"line":13,"column":0},"end":{"line":13,"column":53}},"13":{"start":{"line":14,"column":0},"end":{"line":14,"column":29}},"14":{"start":{"line":15,"column":0},"end":{"line":15,"column":29}},"15":{"start":{"line":16,"column":0},"end":{"line":16,"column":51}},"16":{"start":{"line":17,"column":0},"end":{"line":17,"column":45}},"17":{"start":{"line":18,"column":0},"end":{"line":18,"column":51}},"18":{"start":{"line":19,"column":0},"end":{"line":19,"column":50}},"19":{"start":{"line":20,"column":0},"end":{"line":20,"column":61}},"20":{"start":{"line":21,"column":0},"end":{"line":21,"column":67}},"21":{"start":{"line":22,"column":0},"end":{"line":22,"column":65}},"22":{"start":{"line":23,"column":0},"end":{"line":23,"column":59}},"23":{"start":{"line":24,"column":0},"end":{"line":24,"column":59}},"24":{"start":{"line":25,"column":0},"end":{"line":25,"column":52}},"25":{"start":{"line":26,"column":0},"end":{"line":26,"column":58}},"26":{"start":{"line":27,"column":0},"end":{"line":27,"column":68}},"27":{"start":{"line":28,"column":0},"end":{"line":28,"column":72}},"37":{"start":{"line":38,"column":0},"end":{"line":38,"column":41}},"38":{"start":{"line":39,"column":0},"end":{"line":39,"column":10}},"41":{"start":{"line":42,"column":0},"end":{"line":42,"column":70}},"42":{"start":{"line":43,"column":0},"end":{"line":43,"column":68}},"43":{"start":{"line":44,"column":0},"end":{"line":44,"column":63}},"44":{"start":{"line":45,"column":0},"end":{"line":45,"column":90}},"45":{"start":{"line":46,"column":0},"end":{"line":46,"column":84}},"46":{"start":{"line":47,"column":0},"end":{"line":47,"column":4}},"47":{"start":{"line":48,"column":0},"end":{"line":48,"column":1}},"54":{"start":{"line":55,"column":0},"end":{"line":55,"column":54}},"55":{"start":{"line":56,"column":0},"end":{"line":56,"column":10}},"56":{"start":{"line":57,"column":0},"end":{"line":57,"column":26}},"57":{"start":{"line":58,"column":0},"end":{"line":58,"column":84}},"58":{"start":{"line":59,"column":0},"end":{"line":59,"column":77}},"59":{"start":{"line":60,"column":0},"end":{"line":60,"column":88}},"60":{"start":{"line":61,"column":0},"end":{"line":61,"column":96}},"61":{"start":{"line":62,"column":0},"end":{"line":62,"column":99}},"62":{"start":{"line":63,"column":0},"end":{"line":63,"column":4}},"63":{"start":{"line":64,"column":0},"end":{"line":64,"column":1}},"68":{"start":{"line":69,"column":0},"end":{"line":69,"column":26}},"69":{"start":{"line":70,"column":0},"end":{"line":70,"column":22}},"70":{"start":{"line":71,"column":0},"end":{"line":71,"column":26}},"71":{"start":{"line":72,"column":0},"end":{"line":72,"column":35}},"72":{"start":{"line":73,"column":0},"end":{"line":73,"column":23}},"73":{"start":{"line":74,"column":0},"end":{"line":74,"column":29}},"74":{"start":{"line":75,"column":0},"end":{"line":75,"column":25}},"75":{"start":{"line":76,"column":0},"end":{"line":76,"column":2}},"77":{"start":{"line":78,"column":0},"end":{"line":78,"column":41}},"79":{"start":{"line":80,"column":0},"end":{"line":80,"column":45}},"80":{"start":{"line":81,"column":0},"end":{"line":81,"column":26}},"81":{"start":{"line":82,"column":0},"end":{"line":82,"column":42}},"83":{"start":{"line":84,"column":0},"end":{"line":84,"column":69}},"84":{"start":{"line":85,"column":0},"end":{"line":85,"column":63}},"85":{"start":{"line":86,"column":0},"end":{"line":86,"column":44}},"87":{"start":{"line":88,"column":0},"end":{"line":88,"column":67}},"89":{"start":{"line":90,"column":0},"end":{"line":90,"column":43}},"90":{"start":{"line":91,"column":0},"end":{"line":91,"column":13}},"91":{"start":{"line":92,"column":0},"end":{"line":92,"column":39}},"92":{"start":{"line":93,"column":0},"end":{"line":93,"column":31}},"93":{"start":{"line":94,"column":0},"end":{"line":94,"column":5}},"95":{"start":{"line":96,"column":0},"end":{"line":96,"column":38}},"96":{"start":{"line":97,"column":0},"end":{"line":97,"column":8}},"97":{"start":{"line":98,"column":0},"end":{"line":98,"column":12}},"98":{"start":{"line":99,"column":0},"end":{"line":99,"column":18}},"99":{"start":{"line":100,"column":0},"end":{"line":100,"column":20}},"100":{"start":{"line":101,"column":0},"end":{"line":101,"column":29}},"101":{"start":{"line":102,"column":0},"end":{"line":102,"column":36}},"106":{"start":{"line":107,"column":0},"end":{"line":107,"column":28}},"107":{"start":{"line":108,"column":0},"end":{"line":108,"column":34}},"108":{"start":{"line":109,"column":0},"end":{"line":109,"column":27}},"109":{"start":{"line":110,"column":0},"end":{"line":110,"column":52}},"110":{"start":{"line":111,"column":0},"end":{"line":111,"column":46}},"111":{"start":{"line":112,"column":0},"end":{"line":112,"column":6}},"114":{"start":{"line":115,"column":0},"end":{"line":115,"column":22}},"115":{"start":{"line":116,"column":0},"end":{"line":116,"column":36}},"116":{"start":{"line":117,"column":0},"end":{"line":117,"column":37}},"117":{"start":{"line":118,"column":0},"end":{"line":118,"column":5}},"119":{"start":{"line":120,"column":0},"end":{"line":120,"column":34}},"121":{"start":{"line":122,"column":0},"end":{"line":122,"column":34}},"126":{"start":{"line":127,"column":0},"end":{"line":127,"column":59}},"127":{"start":{"line":128,"column":0},"end":{"line":128,"column":61}},"128":{"start":{"line":129,"column":0},"end":{"line":129,"column":80}},"133":{"start":{"line":134,"column":0},"end":{"line":134,"column":83}},"137":{"start":{"line":138,"column":0},"end":{"line":138,"column":90}},"141":{"start":{"line":142,"column":0},"end":{"line":142,"column":88}},"145":{"start":{"line":146,"column":0},"end":{"line":146,"column":78}},"149":{"start":{"line":150,"column":0},"end":{"line":150,"column":82}},"150":{"start":{"line":151,"column":0},"end":{"line":151,"column":1}},"152":{"start":{"line":153,"column":0},"end":{"line":153,"column":12}}},"s":{"0":1,"7":1,"8":1,"11":1,"12":1,"13":1,"14":1,"15":1,"16":1,"17":1,"18":1,"19":1,"20":1,"21":1,"22":1,"23":1,"24":1,"25":1,"26":1,"27":1,"37":1,"38":12,"41":12,"42":12,"43":12,"44":12,"45":12,"46":12,"47":12,"54":1,"55":12,"56":12,"57":12,"58":12,"59":12,"60":12,"61":12,"62":12,"63":12,"68":1,"69":1,"70":1,"71":1,"72":1,"73":1,"74":1,"75":1,"77":1,"79":11,"80":11,"81":11,"83":11,"84":11,"85":11,"87":11,"89":11,"90":11,"91":11,"92":11,"93":11,"95":11,"96":11,"97":11,"98":11,"99":11,"100":11,"101":11,"106":11,"107":11,"108":2,"109":2,"110":1,"111":2,"114":11,"115":11,"116":11,"117":11,"119":11,"121":11,"126":11,"127":11,"128":11,"133":11,"137":11,"141":11,"145":11,"149":11,"150":11,"152":1},"branchMap":{"0":{"type":"branch","line":38,"loc":{"start":{"line":38,"column":7},"end":{"line":48,"column":1}},"locations":[{"start":{"line":38,"column":7},"end":{"line":48,"column":1}}]},"1":{"type":"branch","line":55,"loc":{"start":{"line":55,"column":7},"end":{"line":64,"column":1}},"locations":[{"start":{"line":55,"column":7},"end":{"line":64,"column":1}}]},"2":{"type":"branch","line":80,"loc":{"start":{"line":80,"column":0},"end":{"line":151,"column":1}},"locations":[{"start":{"line":80,"column":0},"end":{"line":151,"column":1}}]},"3":{"type":"branch","line":84,"loc":{"start":{"line":84,"column":60},"end":{"line":84,"column":69}},"locations":[{"start":{"line":84,"column":60},"end":{"line":84,"column":69}}]},"4":{"type":"branch","line":85,"loc":{"start":{"line":85,"column":33},"end":{"line":85,"column":63}},"locations":[{"start":{"line":85,"column":33},"end":{"line":85,"column":63}}]},"5":{"type":"branch","line":108,"loc":{"start":{"line":108,"column":24},"end":{"line":112,"column":6}},"locations":[{"start":{"line":108,"column":24},"end":{"line":112,"column":6}}]},"6":{"type":"branch","line":109,"loc":{"start":{"line":109,"column":20},"end":{"line":109,"column":27}},"locations":[{"start":{"line":109,"column":20},"end":{"line":109,"column":27}}]},"7":{"type":"branch","line":110,"loc":{"start":{"line":110,"column":15},"end":{"line":111,"column":46}},"locations":[{"start":{"line":110,"column":15},"end":{"line":111,"column":46}}]}},"b":{"0":[12],"1":[12],"2":[11],"3":[0],"4":[5],"5":[2],"6":[0],"7":[1]},"fnMap":{"0":{"name":"buildMenu","decl":{"start":{"line":38,"column":7},"end":{"line":48,"column":1}},"loc":{"start":{"line":38,"column":7},"end":{"line":48,"column":1}},"line":38},"1":{"name":"buildExtraRoutes","decl":{"start":{"line":55,"column":7},"end":{"line":64,"column":1}},"loc":{"start":{"line":55,"column":7},"end":{"line":64,"column":1}},"line":55},"2":{"name":"boot","decl":{"start":{"line":80,"column":0},"end":{"line":151,"column":1}},"loc":{"start":{"line":80,"column":0},"end":{"line":151,"column":1}},"line":80},"3":{"name":"onConnectionChange","decl":{"start":{"line":108,"column":24},"end":{"line":112,"column":6}},"loc":{"start":{"line":108,"column":24},"end":{"line":112,"column":6}},"line":108}},"f":{"0":12,"1":12,"2":11,"3":2}}
,"/home/sites/phlix/phlix-tizen-client/src/polyfills.ts": {"path":"/home/sites/phlix/phlix-tizen-client/src/polyfills.ts","all":true,"statementMap":{"0":{"start":{"line":1,"column":0},"end":{"line":1,"column":3}},"11":{"start":{"line":12,"column":0},"end":{"line":12,"column":55}},"14":{"start":{"line":15,"column":0},"end":{"line":15,"column":97}},"15":{"start":{"line":16,"column":0},"end":{"line":16,"column":44}},"16":{"start":{"line":17,"column":0},"end":{"line":17,"column":1}}},"s":{"0":0,"11":0,"14":0,"15":0,"16":0},"branchMap":{"0":{"type":"branch","line":1,"loc":{"start":{"line":1,"column":692},"end":{"line":17,"column":1}},"locations":[{"start":{"line":1,"column":692},"end":{"line":17,"column":1}}]}},"b":{"0":[0]},"fnMap":{"0":{"name":"(empty-report)","decl":{"start":{"line":1,"column":692},"end":{"line":17,"column":1}},"loc":{"start":{"line":1,"column":692},"end":{"line":17,"column":1}},"line":1}},"f":{"0":0}}
,"/home/sites/phlix/phlix-tizen-client/src/resolveConfig.ts": {"path":"/home/sites/phlix/phlix-tizen-client/src/resolveConfig.ts","all":false,"statementMap":{"0":{"start":{"line":1,"column":0},"end":{"line":1,"column":3}},"38":{"start":{"line":39,"column":0},"end":{"line":39,"column":80}},"39":{"start":{"line":40,"column":0},"end":{"line":40,"column":56}},"40":{"start":{"line":41,"column":0},"end":{"line":41,"column":36}},"41":{"start":{"line":42,"column":0},"end":{"line":42,"column":1}}},"s":{"0":1,"38":1,"39":15,"40":15,"41":15},"branchMap":{"0":{"type":"branch","line":39,"loc":{"start":{"line":39,"column":7},"end":{"line":42,"column":1}},"locations":[{"start":{"line":39,"column":7},"end":{"line":42,"column":1}}]},"1":{"type":"branch","line":40,"loc":{"start":{"line":40,"column":24},"end":{"line":40,"column":53}},"locations":[{"start":{"line":40,"column":24},"end":{"line":40,"column":53}}]},"2":{"type":"branch","line":40,"loc":{"start":{"line":40,"column":43},"end":{"line":40,"column":56}},"locations":[{"start":{"line":40,"column":43},"end":{"line":40,"column":56}}]}},"b":{"0":[15],"1":[10],"2":[3]},"fnMap":{"0":{"name":"resolveAppConfig","decl":{"start":{"line":39,"column":7},"end":{"line":42,"column":1}},"loc":{"start":{"line":39,"column":7},"end":{"line":42,"column":1}},"line":39}},"f":{"0":15}}
,"/home/sites/phlix/phlix-tizen-client/src/tizenBridge.ts": {"path":"/home/sites/phlix/phlix-tizen-client/src/tizenBridge.ts","all":false,"statementMap":{"0":{"start":{"line":1,"column":0},"end":{"line":1,"column":3}},"7":{"start":{"line":8,"column":0},"end":{"line":8,"column":43}},"8":{"start":{"line":9,"column":0},"end":{"line":9,"column":56}},"9":{"start":{"line":10,"column":0},"end":{"line":10,"column":51}},"67":{"start":{"line":68,"column":0},"end":{"line":68,"column":58}},"70":{"start":{"line":71,"column":0},"end":{"line":71,"column":72}},"78":{"start":{"line":79,"column":0},"end":{"line":79,"column":66}},"79":{"start":{"line":80,"column":0},"end":{"line":80,"column":9}},"80":{"start":{"line":81,"column":0},"end":{"line":81,"column":10}},"81":{"start":{"line":82,"column":0},"end":{"line":82,"column":7}},"82":{"start":{"line":83,"column":0},"end":{"line":83,"column":8}},"83":{"start":{"line":84,"column":0},"end":{"line":84,"column":3}},"85":{"start":{"line":86,"column":0},"end":{"line":86,"column":51}},"86":{"start":{"line":87,"column":0},"end":{"line":87,"column":51}},"87":{"start":{"line":88,"column":0},"end":{"line":88,"column":71}},"88":{"start":{"line":89,"column":0},"end":{"line":89,"column":1}},"115":{"start":{"line":116,"column":0},"end":{"line":116,"column":98}},"119":{"start":{"line":120,"column":0},"end":{"line":120,"column":55}},"121":{"start":{"line":122,"column":0},"end":{"line":122,"column":37}},"122":{"start":{"line":123,"column":0},"end":{"line":123,"column":35}},"123":{"start":{"line":124,"column":0},"end":{"line":124,"column":28}},"124":{"start":{"line":125,"column":0},"end":{"line":125,"column":4}},"129":{"start":{"line":130,"column":0},"end":{"line":130,"column":29}},"130":{"start":{"line":131,"column":0},"end":{"line":131,"column":41}},"133":{"start":{"line":134,"column":0},"end":{"line":134,"column":85}},"134":{"start":{"line":135,"column":0},"end":{"line":135,"column":20}},"135":{"start":{"line":136,"column":0},"end":{"line":136,"column":20}},"136":{"start":{"line":137,"column":0},"end":{"line":137,"column":24}},"137":{"start":{"line":138,"column":0},"end":{"line":138,"column":4}},"139":{"start":{"line":140,"column":0},"end":{"line":140,"column":10}},"140":{"start":{"line":141,"column":0},"end":{"line":141,"column":52}},"141":{"start":{"line":142,"column":0},"end":{"line":142,"column":32}},"142":{"start":{"line":143,"column":0},"end":{"line":143,"column":22}},"143":{"start":{"line":144,"column":0},"end":{"line":144,"column":43}},"144":{"start":{"line":145,"column":0},"end":{"line":145,"column":27}},"145":{"start":{"line":146,"column":0},"end":{"line":146,"column":25}},"146":{"start":{"line":147,"column":0},"end":{"line":147,"column":22}},"149":{"start":{"line":150,"column":0},"end":{"line":150,"column":76}},"154":{"start":{"line":155,"column":0},"end":{"line":155,"column":22}},"155":{"start":{"line":156,"column":0},"end":{"line":156,"column":52}},"156":{"start":{"line":157,"column":0},"end":{"line":157,"column":55}},"157":{"start":{"line":158,"column":0},"end":{"line":158,"column":86}},"158":{"start":{"line":159,"column":0},"end":{"line":159,"column":11}},"159":{"start":{"line":160,"column":0},"end":{"line":160,"column":43}},"160":{"start":{"line":161,"column":0},"end":{"line":161,"column":27}},"161":{"start":{"line":162,"column":0},"end":{"line":162,"column":44}},"162":{"start":{"line":163,"column":0},"end":{"line":163,"column":11}},"163":{"start":{"line":164,"column":0},"end":{"line":164,"column":7}},"164":{"start":{"line":165,"column":0},"end":{"line":165,"column":6}},"165":{"start":{"line":166,"column":0},"end":{"line":166,"column":24}},"166":{"start":{"line":167,"column":0},"end":{"line":167,"column":14}},"167":{"start":{"line":168,"column":0},"end":{"line":168,"column":5}},"168":{"start":{"line":169,"column":0},"end":{"line":169,"column":4}},"169":{"start":{"line":170,"column":0},"end":{"line":170,"column":1}},"172":{"start":{"line":173,"column":0},"end":{"line":173,"column":29}},"173":{"start":{"line":174,"column":0},"end":{"line":174,"column":36}},"187":{"start":{"line":188,"column":0},"end":{"line":188,"column":32}},"188":{"start":{"line":189,"column":0},"end":{"line":189,"column":42}},"189":{"start":{"line":190,"column":0},"end":{"line":190,"column":23}},"190":{"start":{"line":191,"column":0},"end":{"line":191,"column":23}},"191":{"start":{"line":192,"column":0},"end":{"line":192,"column":30}},"192":{"start":{"line":193,"column":0},"end":{"line":193,"column":53}},"193":{"start":{"line":194,"column":0},"end":{"line":194,"column":15}},"194":{"start":{"line":195,"column":0},"end":{"line":195,"column":16}},"195":{"start":{"line":196,"column":0},"end":{"line":196,"column":29}},"196":{"start":{"line":197,"column":0},"end":{"line":197,"column":3}},"198":{"start":{"line":199,"column":0},"end":{"line":199,"column":50}},"199":{"start":{"line":200,"column":0},"end":{"line":200,"column":25}},"200":{"start":{"line":201,"column":0},"end":{"line":201,"column":18}},"201":{"start":{"line":202,"column":0},"end":{"line":202,"column":24}},"202":{"start":{"line":203,"column":0},"end":{"line":203,"column":29}},"203":{"start":{"line":204,"column":0},"end":{"line":204,"column":25}},"204":{"start":{"line":205,"column":0},"end":{"line":205,"column":16}},"205":{"start":{"line":206,"column":0},"end":{"line":206,"column":24}},"206":{"start":{"line":207,"column":0},"end":{"line":207,"column":9}},"207":{"start":{"line":208,"column":0},"end":{"line":208,"column":14}},"208":{"start":{"line":209,"column":0},"end":{"line":209,"column":19}},"209":{"start":{"line":210,"column":0},"end":{"line":210,"column":23}},"210":{"start":{"line":211,"column":0},"end":{"line":211,"column":14}},"211":{"start":{"line":212,"column":0},"end":{"line":212,"column":18}},"212":{"start":{"line":213,"column":0},"end":{"line":213,"column":29}},"213":{"start":{"line":214,"column":0},"end":{"line":214,"column":14}},"214":{"start":{"line":215,"column":0},"end":{"line":215,"column":26}},"215":{"start":{"line":216,"column":0},"end":{"line":216,"column":84}},"216":{"start":{"line":217,"column":0},"end":{"line":217,"column":14}},"217":{"start":{"line":218,"column":0},"end":{"line":218,"column":20}},"218":{"start":{"line":219,"column":0},"end":{"line":219,"column":86}},"219":{"start":{"line":220,"column":0},"end":{"line":220,"column":14}},"220":{"start":{"line":221,"column":0},"end":{"line":221,"column":18}},"223":{"start":{"line":224,"column":0},"end":{"line":224,"column":33}},"224":{"start":{"line":225,"column":0},"end":{"line":225,"column":31}},"225":{"start":{"line":226,"column":0},"end":{"line":226,"column":16}},"226":{"start":{"line":227,"column":0},"end":{"line":227,"column":9}},"227":{"start":{"line":228,"column":0},"end":{"line":228,"column":43}},"228":{"start":{"line":229,"column":0},"end":{"line":229,"column":31}},"229":{"start":{"line":230,"column":0},"end":{"line":230,"column":24}},"230":{"start":{"line":231,"column":0},"end":{"line":231,"column":16}},"231":{"start":{"line":232,"column":0},"end":{"line":232,"column":24}},"232":{"start":{"line":233,"column":0},"end":{"line":233,"column":9}},"233":{"start":{"line":234,"column":0},"end":{"line":234,"column":14}},"234":{"start":{"line":235,"column":0},"end":{"line":235,"column":18}},"235":{"start":{"line":236,"column":0},"end":{"line":236,"column":28}},"236":{"start":{"line":237,"column":0},"end":{"line":237,"column":14}},"237":{"start":{"line":238,"column":0},"end":{"line":238,"column":20}},"241":{"start":{"line":242,"column":0},"end":{"line":242,"column":43}},"242":{"start":{"line":243,"column":0},"end":{"line":243,"column":55}},"243":{"start":{"line":244,"column":0},"end":{"line":244,"column":61}},"244":{"start":{"line":245,"column":0},"end":{"line":245,"column":9}},"245":{"start":{"line":246,"column":0},"end":{"line":246,"column":14}},"246":{"start":{"line":247,"column":0},"end":{"line":247,"column":14}},"248":{"start":{"line":249,"column":0},"end":{"line":249,"column":14}},"249":{"start":{"line":250,"column":0},"end":{"line":250,"column":5}},"250":{"start":{"line":251,"column":0},"end":{"line":251,"column":4}},"252":{"start":{"line":253,"column":0},"end":{"line":253,"column":51}},"254":{"start":{"line":255,"column":0},"end":{"line":255,"column":16}},"255":{"start":{"line":256,"column":0},"end":{"line":256,"column":44}},"256":{"start":{"line":257,"column":0},"end":{"line":257,"column":20}},"257":{"start":{"line":258,"column":0},"end":{"line":258,"column":50}},"258":{"start":{"line":259,"column":0},"end":{"line":259,"column":36}},"259":{"start":{"line":260,"column":0},"end":{"line":260,"column":5}},"260":{"start":{"line":261,"column":0},"end":{"line":261,"column":4}},"261":{"start":{"line":262,"column":0},"end":{"line":262,"column":1}},"269":{"start":{"line":270,"column":0},"end":{"line":270,"column":61}},"270":{"start":{"line":271,"column":0},"end":{"line":271,"column":51}},"271":{"start":{"line":272,"column":0},"end":{"line":272,"column":68}},"277":{"start":{"line":278,"column":0},"end":{"line":278,"column":66}},"278":{"start":{"line":279,"column":0},"end":{"line":279,"column":64}},"279":{"start":{"line":280,"column":0},"end":{"line":280,"column":41}},"286":{"start":{"line":287,"column":0},"end":{"line":287,"column":61}},"287":{"start":{"line":288,"column":0},"end":{"line":288,"column":63}},"289":{"start":{"line":290,"column":0},"end":{"line":290,"column":33}},"290":{"start":{"line":291,"column":0},"end":{"line":291,"column":45}},"291":{"start":{"line":292,"column":0},"end":{"line":292,"column":11}},"292":{"start":{"line":293,"column":0},"end":{"line":293,"column":11}},"293":{"start":{"line":294,"column":0},"end":{"line":294,"column":13}},"294":{"start":{"line":295,"column":0},"end":{"line":295,"column":11}},"295":{"start":{"line":296,"column":0},"end":{"line":296,"column":4}},"310":{"start":{"line":311,"column":0},"end":{"line":311,"column":26}},"311":{"start":{"line":312,"column":0},"end":{"line":312,"column":42}},"312":{"start":{"line":313,"column":0},"end":{"line":313,"column":34}},"313":{"start":{"line":314,"column":0},"end":{"line":314,"column":58}},"314":{"start":{"line":315,"column":0},"end":{"line":315,"column":10}},"315":{"start":{"line":316,"column":0},"end":{"line":316,"column"
[...]
:38,"187":38,"189":38,"190":4,"191":4,"192":38,"200":38,"202":3,"203":3,"204":3,"205":3,"206":3,"212":38,"213":0,"214":0,"215":0,"216":0,"217":0,"218":0,"219":0,"220":0,"222":0,"223":0,"224":0,"226":0,"227":0,"228":0,"229":0,"230":0,"231":0,"232":0,"233":0,"234":0,"235":0,"236":0,"238":0,"239":0,"240":0,"242":0,"243":0,"244":0,"245":0,"246":0,"247":0,"248":0,"249":0,"251":0,"252":0,"253":0,"254":0,"255":0,"256":0,"257":0,"258":0,"259":0,"260":0,"262":0,"263":0,"264":0,"265":0,"266":0,"267":0,"268":0,"274":38,"276":3,"277":0,"279":0,"280":0,"282":3,"284":3,"285":3,"287":3,"288":0,"289":0,"290":0,"291":0,"293":3,"294":0,"295":0,"296":0,"297":0,"299":0,"300":0,"301":0,"303":3,"304":0,"305":0,"306":0,"308":3,"309":0,"310":0,"313":0,"314":0,"315":0,"316":0,"318":3,"319":3,"320":0,"321":0,"322":0,"323":3,"328":38,"329":38,"330":38,"331":38,"333":38,"335":0,"336":0,"337":0,"338":0,"339":0,"341":0,"342":0,"343":0,"345":0,"346":0,"347":0,"348":0,"349":0,"350":0,"355":38,"356":2,"357":0,"358":0,"359":0,"360":2,"361":2,"363":2,"364":0,"365":0,"366":0,"367":2,"368":2,"374":38,"375":1,"376":1,"377":1,"379":0,"380":0,"381":0,"383":0,"384":0,"385":1,"393":38,"394":5,"396":4,"397":5,"398":1,"399":1,"401":5,"402":1,"403":1,"405":5,"406":1,"407":1,"408":1,"409":1,"411":5,"412":1,"413":1,"414":1,"415":1,"416":1,"417":1,"418":1,"419":5,"420":5,"426":38,"427":2,"428":2,"429":2,"430":2,"432":2,"433":1,"434":1,"435":1,"437":1,"438":1,"440":1,"441":1,"442":1,"443":1,"445":1,"446":1,"447":1,"450":1,"451":2,"452":0,"453":0,"454":2,"455":1,"456":1,"457":2,"463":38,"465":0,"466":0,"467":0,"468":0,"470":0,"471":0,"473":0,"474":0,"477":0,"478":0,"481":0,"482":0,"485":0,"486":0,"487":0,"490":0,"493":0,"494":0,"495":0,"496":0,"497":0,"498":0,"499":0,"500":0,"506":38,"507":2,"509":1,"510":1,"512":1,"513":1,"514":1,"517":1,"519":1,"520":1,"521":1,"522":2,"523":0,"524":0,"525":2,"526":1,"527":1,"528":2,"534":38,"535":2,"536":2,"537":2,"538":2,"539":2,"540":2,"542":1,"543":1,"544":1,"545":2,"546":2,"547":2,"548":2,"550":2,"551":2,"552":2,"555":1,"556":2,"557":0,"558":0,"559":0,"560":2,"565":38,"566":1,"568":0,"569":0,"570":0,"571":0,"572":0,"573":0,"574":0,"575":0,"576":1,"581":38,"582":1,"584":0,"585":0,"586":0,"587":0,"588":0,"589":0,"590":0,"591":0,"592":1,"597":38,"598":2,"599":2,"600":2,"601":2,"602":0,"603":0,"604":0,"605":2,"610":38,"611":1,"612":1,"613":1,"617":38,"619":38,"620":38,"621":38,"622":38,"623":38,"625":38,"626":38,"627":38,"629":38,"630":38,"631":38,"632":38,"634":38,"635":38,"636":38,"637":38,"638":38,"639":38,"640":38,"641":38,"642":38,"644":38,"645":38,"646":38,"647":38},"branchMap":{"0":{"type":"branch","line":84,"loc":{"start":{"line":84,"column":2},"end":{"line":87,"column":6}},"locations":[{"start":{"line":84,"column":2},"end":{"line":87,"column":6}}]},"1":{"type":"branch","line":89,"loc":{"start":{"line":89,"column":2},"end":{"line":111,"column":3}},"locations":[{"start":{"line":89,"column":2},"end":{"line":111,"column":3}}]},"2":{"type":"branch","line":102,"loc":{"start":{"line":102,"column":22},"end":{"line":105,"column":5}},"locations":[{"start":{"line":102,"column":22},"end":{"line":105,"column":5}}]},"3":{"type":"branch","line":109,"loc":{"start":{"line":109,"column":15},"end":{"line":109,"column":30}},"locations":[{"start":{"line":109,"column":15},"end":{"line":109,"column":30}}]},"4":{"type":"branch","line":109,"loc":{"start":{"line":109,"column":23},"end":{"line":110,"column":33}},"locations":[{"start":{"line":109,"column":23},"end":{"line":110,"column":33}}]},"5":{"type":"branch","line":113,"loc":{"start":{"line":113,"column":2},"end":{"line":119,"column":3}},"locations":[{"start":{"line":113,"column":2},"end":{"line":119,"column":3}}]},"6":{"type":"branch","line":121,"loc":{"start":{"line":121,"column":2},"end":{"line":127,"column":3}},"locations":[{"start":{"line":121,"column":2},"end":{"line":127,"column":3}}]},"7":{"type":"branch","line":129,"loc":{"start":{"line":129,"column":2},"end":{"line":133,"column":3}},"locations":[{"start":{"line":129,"column":2},"end":{"line":133,"column":3}}]},"8":{"type":"branch","line":135,"loc":{"start":{"line":135,"column":2},"end":{"line":140,"column":3}},"locations":[{"start":{"line":135,"column":2},"end":{"line":140,"column":3}}]},"9":{"type":"branch","line":156,"loc":{"start":{"line":156,"column":2},"end":{"line":159,"column":3}},"locations":[{"start":{"line":156,"column":2},"end":{"line":159,"column":3}}]},"10":{"type":"branch","line":158,"loc":{"start":{"line":158,"column":34},"end":{"line":158,"column":50}},"locations":[{"start":{"line":158,"column":34},"end":{"line":158,"column":50}}]},"11":{"type":"branch","line":158,"loc":{"start":{"line":158,"column":42},"end":{"line":158,"column":53}},"locations":[{"start":{"line":158,"column":42},"end":{"line":158,"column":53}}]},"12":{"type":"branch","line":164,"loc":{"start":{"line":164,"column":62},"end":{"line":648,"column":3}},"locations":[{"start":{"line":164,"column":62},"end":{"line":648,"column":3}}]},"13":{"type":"branch","line":181,"loc":{"start":{"line":181,"column":28},"end":{"line":181,"column":63}},"locations":[{"start":{"line":181,"column":28},"end":{"line":181,"column":63}}]},"14":{"type":"branch","line":183,"loc":{"start":{"line":183,"column":28},"end":{"line":186,"column":3}},"locations":[{"start":{"line":183,"column":28},"end":{"line":186,"column":3}}]},"15":{"type":"branch","line":184,"loc":{"start":{"line":184,"column":31},"end":{"line":184,"column":44}},"locations":[{"start":{"line":184,"column":31},"end":{"line":184,"column":44}}]},"16":{"type":"branch","line":184,"loc":{"start":{"line":184,"column":38},"end":{"line":185,"column":55}},"locations":[{"start":{"line":184,"column":38},"end":{"line":185,"column":55}}]},"17":{"type":"branch","line":185,"loc":{"start":{"line":185,"column":42},"end":{"line":185,"column":95}},"locations":[{"start":{"line":185,"column":42},"end":{"line":185,"column":95}}]},"18":{"type":"branch","line":188,"loc":{"start":{"line":188,"column":33},"end":{"line":188,"column":78}},"locations":[{"start":{"line":188,"column":33},"end":{"line":188,"column":78}}]},"19":{"type":"branch","line":188,"loc":{"start":{"line":188,"column":60},"end":{"line":188,"column":77}},"locations":[{"start":{"line":188,"column":60},"end":{"line":188,"column":77}}]},"20":{"type":"branch","line":190,"loc":{"start":{"line":190,"column":69},"end":{"line":193,"column":3}},"locations":[{"start":{"line":190,"column":69},"end":{"line":193,"column":3}}]},"21":{"type":"branch","line":191,"loc":{"start":{"line":191,"column":31},"end":{"line":191,"column":50}},"locations":[{"start":{"line":191,"column":31},"end":{"line":191,"column":50}}]},"22":{"type":"branch","line":191,"loc":{"start":{"line":191,"column":38},"end":{"line":192,"column":28}},"locations":[{"start":{"line":191,"column":38},"end":{"line":192,"column":28}}]},"23":{"type":"branch","line":192,"loc":{"start":{"line":192,"column":20},"end":{"line":192,"column":39}},"locations":[{"start":{"line":192,"column":20},"end":{"line":192,"column":39}}]},"24":{"type":"branch","line":192,"loc":{"start":{"line":192,"column":28},"end":{"line":192,"column":52}},"locations":[{"start":{"line":192,"column":28},"end":{"line":192,"column":52}}]},"25":{"type":"branch","line":201,"loc":{"start":{"line":201,"column":2},"end":{"line":207,"column":3}},"locations":[{"start":{"line":201,"column":2},"end":{"line":207,"column":3}}]},"26":{"type":"branch","line":275,"loc":{"start":{"line":275,"column":2},"end":{"line":324,"column":3}},"locations":[{"start":{"line":275,"column":2},"end":{"line":324,"column":3}}]},"27":{"type":"branch","line":277,"loc":{"start":{"line":277,"column":21},"end":{"line":277,"column":80}},"locations":[{"start":{"line":277,"column":21},"end":{"line":277,"column":80}}]},"28":{"type":"branch","line":277,"loc":{"start":{"line":277,"column":80},"end":{"line":281,"column":5}},"locations":[{"start":{"line":277,"column":80},"end":{"line":281,"column":5}}]},"29":{"type":"branch","line":320,"loc":{"start":{"line":320,"column":4},"end":{"line":323,"column":5}},"locations":[{"start":{"line":320,"column":4},"end":{"line":323,"column":5}}]},"30":{"type":"branch","line":356,"loc":{"start":{"line":356,"column":2},"end":{"line":369,"column":3}},"locations":[{"start":{"line":356,"column":2},"end":{"line":369,"column":3}}]},"31":{"type":"branch","line":357,"loc":{"start":{"line":357,"column":26},"end":{"line":360,"column":5}},"locations":[{"start":{"line":357,"column":26},"end":{"line":360,"column":5}}]},"32":{"type":"branch","line":364,"loc":{"start":{"line":364,"column":28},"end":{"line":367,"column":5}},"locations":[{"start":{"line":364,"column":28},"end":{"line":367,"column":5}}]},"33":{"type":"branch","line":375,"loc":{"start":{"line":375,"column":2},"end":{"line":386,"column":3}},"locations":[{"start":{"line":375,"column":2},"end":{"line":386,"column":3}}]},"34":{"type":"branch","line":376,"loc":{"start":{"line":376,"column":22},"end":{"line":376,"column":81}},"locations":[{"start":{"line":376,"column":22},"end":{"line":376,"column":81}}]},"35":{"type":"branch","line":378,"loc":{"start":{"line":378,"column":4},"end":{"line":385,"column":5}},"locations":[{"start":{"line":378,"column":4},"end":{"line":385,"column":5}}]},"36":{"type":"branch","line":394,"loc":{"start":{"line":394,"column":2},"end":{"line":421,"column":3}},"locations":[{"start":{"line":394,"column":2},"end":{"line":421,"column":3}}]},"37":{"type":"branch","line":395,"loc":{"start":{"line":395,"column":31},"end":{"line":395,"column":38}},"locations":[{"start":{"line":395,"column":31},"end":{"line":395,"column":38}}]},"38":{"type":"branch","line":395,"loc":{"start":{"line":395,"column":31},"end":{"line":397,"column":27}},"locations":[{"start":{"line":395,"column":31},"end":{"line":397,"column":27}}]},"39":{"type":"branch","line":398,"loc":{"start":{"line":398,"column":6},"end":{"line":400,"column":14}},"locations":[{"start":{"line":398,"column":6},"end":{"line":400,"column":14}}]},"40":{"type":"branch","line":402,"loc":{"start":{"line":402,"column":6},"end":{"line":404,"column":14}},"locations":[{"start":{"line":402,"column":6},"end":{"line":404,"column":14}}]},"41":{"type":"branch","line":406,"loc":{"start":{"line":406,"column":6},"end":{"line":410,"column":14}},"locations":[{"start":{"line":406,"column":6},"end":{"line":410,"column":14}}]},"42":{"type":"branch","line":412,"loc":{"start":{"line":412,"column":6},"end":{"line":419,"column":14}},"locations":[{"start":{"line":412,"column":6},"end":{"line":419,"column":14}}]},"43":{"type":"branch","line":427,"loc":{"start":{"line":427,"column":2},"end":{"line":458,"column":3}},"locations":[{"start":{"line":427,"column":2},"end":{"line":458,"column":3}}]},"44":{"type":"branch","line":433,"loc":{"start":{"line":433,"column":24},"end":{"line":452,"column":13}},"locations":[{"start":{"line":433,"column":24},"end":{"line":452,"column":13}}]},"45":{"type":"branch","line":452,"loc":{"start":{"line":452,"column":4},"end":{"line":455,"column":6}},"locations":[{"start":{"line":452,"column":4},"end":{"line":455,"column":6}}]},"46":{"type":"branch","line":455,"loc":{"start":{"line":455,"column":4},"end":{"line":457,"column":5}},"locations":[{"start":{"line":455,"column":4},"end":{"line":457,"column":5}}]},"47":{"type":"branch","line":507,"loc":{"start":{"line":507,"column":2},"end":{"line":529,"column":3}},"locations":[{"start":{"line":507,"column":2},"end":{"line":529,"column":3}}]},"48":{"type":"branch","line":508,"loc":{"start":{"line":508,"column":28},"end":{"line":523,"column":13}},"locations":[{"start":{"line":508,"column":28},"end":{"line":523,"column":13}}]},"49":{"type":"branch","line":523,"loc":{"start":{"line":523,"column":4},"end":{"line":526,"column":6}},"locations":[{"start":{"line":523,"column":4},"end":{"line":526,"column":6}}]},"50":{"type":"branch","line":526,"loc":{"start":{"line":526,"column":4},"end":{"line":528,"column":5}},"locations":[{"start":{"line":526,"column":4},"end":{"line":528,"column":5}}]},"51":{"type":"branch","line":535,"loc":{"start":{"line":535,"column":2},"end":{"line":561,"column":3}},"locations":[{"start":{"line":535,"column":2},"end":{"line":561,"column":3}}]},"52":{"type":"branch","line":541,"loc":{"start":{"line":541,"column":31},"end":{"line":545,"column":34}},"locations":[{"start":{"line":541,"column":31},"end":{"line":545,"column":34}}]},"53":{"type":"branch","line":546,"loc":{"start":{"line":546,"column":12},"end":{"line":546,"column":26}},"locations":[{"start":{"line":546,"column":12},"end":{"line":546,"column":26}}]},"54":{"type":"branch","line":553,"loc":{"start":{"line":553,"column":60},"end":{"line":557,"column":13}},"locations":[{"start":{"line":553,"column":60},"end":{"line":557,"column":13}}]},"55":{"type":"branch","line":557,"loc":{"start":{"line":557,"column":4},"end":{"line":560,"column":5}},"locations":[{"start":{"line":557,"column":4},"end":{"line":560,"column":5}}]},"56":{"type":"branch","line":566,"loc":{"start":{"line":566,"column":2},"end":{"line":577,"column":3}},"locations":[{"start":{"line":566,"column":2},"end":{"line":577,"column":3}}]},"57":{"type":"branch","line":567,"loc":{"start":{"line":567,"column":31},"end":{"line":576,"column":5}},"locations":[{"start":{"line":567,"column":31},"end":{"line":576,"column":5}}]},"58":{"type":"branch","line":582,"loc":{"start":{"line":582,"column":2},"end":{"line":593,"column":3}},"locations":[{"start":{"line":582,"column":2},"end":{"line":593,"column":3}}]},"59":{"type":"branch","line":583,"loc":{"start":{"line":583,"column":28},"end":{"line":592,"column":5}},"locations":[{"start":{"line":583,"column":28},"end":{"line":592,"column":5}}]},"60":{"type":"branch","line":598,"loc":{"start":{"line":598,"column":2},"end":{"line":606,"column":3}},"locations":[{"start":{"line":598,"column":2},"end":{"line":606,"column":3}}]},"61":{"type":"branch","line":602,"loc":{"start":{"line":602,"column":4},"end":{"line":605,"column":5}},"locations":[{"start":{"line":602,"column":4},"end":{"line":605,"column":5}}]},"62":{"type":"branch","line":611,"loc":{"start":{"line":611,"column":2},"end":{"line":614,"column":3}},"locations":[{"start":{"line":611,"column":2},"end":{"line":614,"column":3}}]}},"b":{"0":[5],"1":[6],"2":[0],"3":[2],"4":[4],"5":[1],"6":[1],"7":[1],"8":[1],"9":[2],"10":[1],"11":[1],"12":[38],"13":[4],"14":[7],"15":[1],"16":[6],"17":[4],"18":[1],"19":[3],"20":[4],"21":[1],"22":[3],"23":[2],"24":[1],"25":[3],"26":[3],"27":[0],"28":[0],"29":[0],"30":[2],"31":[0],"32":[0],"33":[1],"34":[0],"35":[0],"36":[5],"37":[1],"38":[4],"39":[1],"40":[1],"41":[1],"42":[1],"43":[2],"44":[1],"45":[0],"46":[1],"47":[2],"48":[1],"49":[0],"50":[1],"51":[2],"52":[1],"53":[1],"54":[1],"55":[0],"56":[1],"57":[0],"58":[1],"59":[0],"60":[2],"61":[0],"62":[1]},"fnMap":{"0":{"name":"SyncPlayApiClient","decl":{"start":{"line":84,"column":2},"end":{"line":87,"column":6}},"loc":{"start":{"line":84,"column":2},"end":{"line":87,"column":6}},"line":84},"1":{"name":"request","decl":{"start":{"line":89,"column":2},"end":{"line":111,"column":3}},"loc":{"start":{"line":89,"column":2},"end":{"line":111,"column":3}},"line":89},"2":{"name":"createRoom","decl":{"start":{"line":113,"column":2},"end":{"line":119,"column":3}},"loc":{"start":{"line":113,"column":2},"end":{"line":119,"column":3}},"line":113},"3":{"name":"joinRoom","decl":{"start":{"line":121,"column":2},"end":{"line":127,"column":3}},"loc":{"start":{"line":121,"column":2},"end":{"line":127,"column":3}},"line":121},"4":{"name":"leaveRoom","decl":{"start":{"line":129,"column":2},"end":{"line":133,"column":3}},"loc":{"start":{"line":129,"column":2},"end":{"line":133,"column":3}},"line":129},"5":{"name":"sendCommand","decl":{"start":{"line":135,"column":2},"end":{"line":140,"column":3}},"loc":{"start":{"line":135,"column":2},"end":{"line":140,"column":3}},"line":135},"6":{"name":"getState","decl":{"start":{"line":142,"column":2},"end":{"line":147,"column":3}},"loc":{"start":{"line":142,"column":2},"end":{"line":147,"column":3}},"line":142},"7":{"name":"getMembers","decl":{"start":{"line":149,"column":2},"end":{"line":154,"column":3}},"loc":{"start":{"line":149,"column":2},"end":{"line":154,"column":3}},"line":149},"8":{"name":"listPublicRooms","decl":{"start":{"line":156,"column":2},"end":{"line":159,"column":3}},"loc":{"start":{"line":156,"column":2},"end":{"line":159,"column":3}},"line":156},"9":{"name":"buildWsUrl","decl":{"start":{"line":201,"column":2},"end":{"line":207,"column":3}},"loc":{"start":{"line":201,"column":2},"end":{"line":207,"column":3}},"line":201},"10":{"name":"handleWsMessage","decl":{"start":{"line":213,"column":2},"end":{"line":269,"column":3}},"loc":{"start":{"line":213,"column":2},"end":{"line":269,"column":3}},"line":213},"11":{"name":"connectWs","decl":{"start":{"line":275,"column":2},"end":{"line":324,"column":3}},"loc":{"start":{"line":275,"column":2},"end":{"line":324,"column":3}},"line":275},"12":{"name":"ws.onopen","decl":{"start":{"line":288,"column":18},"end":{"line":292,"column":8}},"loc":{"start":{"line":288,"column":18},"end":{"line":292,"column":8}},"line":288},"13":{"name":"ws.onmessage","decl":{"start":{"line":294,"column":21},"end":{"line":302,"column":8}},"loc":{"start":{"line":294,"column":21},"end":{"line":302,"column":8}},"line":294},"14":{"name":"ws.onerror","decl":{"start":{"line":304,"column":19},"end":{"line":307,"column":8}},"loc":{"start":{"line":304,"column":19},"end":{"line":307,"column":8}},"line":304},"15":{"name":"ws.onclose","decl":{"start":{"line":309,"column":19},"end":{"line":317,"column":8}},"loc":{"start":{"line":309,"column":19},"end":{"line":317,"column":8}},"line":309},"16":{"name":"scheduleReconnect","decl":{"start":{"line":334,"column":2},"end":{"line":351,"column":3}},"loc":{"start":{"line":334,"column":2},"end":{"line":351,"column":3}},"line":334},"17":{"name":"disconnectWs","decl":{"start":{"line":356,"column":2},"end":{"line":369,"column":3}},"loc":{"start":{"line":356,"column":2},"end":{"line":369,"column":3}},"line":356},"18":{"name":"sendWsMessage","decl":{"start":{"line":375,"column":2},"end":{"line":386,"column":3}},"loc":{"start":{"line":375,"column":2},"end":{"line":386,"column":3}},"line":375},"19":{"name":"onRemoteCommand","decl":{"start":{"line":394,"column":2},"end":{"line":421,"column":3}},"loc":{"start":{"line":394,"column":2},"end":{"line":421,"column":3}},"line":394},"20":{"name":"createAndJoinRoom","decl":{"start":{"line":427,"column":2},"end":{"line":458,"column":3}},"loc":{"start":{"line":427,"column":2},"end":{"line":458,"column":3}},"line":427},"21":{"name":"joinRoom","decl":{"start":{"line":464,"column":2},"end":{"line":501,"column":3}},"loc":{"start":{"line":464,"column":2},"end":{"line":501,"column":3}},"line":464},"22":{"name":"leaveRoom","decl":{"start":{"line":507,"column":2},"end":{"line":529,"column":3}},"loc":{"start":{"line":507,"column":2},"end":{"line":529,"column":3}},"line":507},"23":{"name":"sendCommand","decl":{"start":{"line":535,"column":2},"end":{"line":561,"column":3}},"loc":{"start":{"line":535,"column":2},"end":{"line":561,"column":3}},"line":535},"24":{"name":"refreshState","decl":{"start":{"line":566,"column":2},"end":{"line":577,"column":3}},"loc":{"start":{"line":566,"column":2},"end":{"line":577,"column":3}},"line":566},"25":{"name":"refreshMembers","decl":{"start":{"line":582,"column":2},"end":{"line":593,"column":3}},"loc":{"start":{"line":582,"column":2},"end":{"line":593,"column":3}},"line":582},"26":{"name":"fetchPublicRooms","decl":{"start":{"line":598,"column":2},"end":{"line":606,"column":3}},"loc":{"start":{"line":598,"column":2},"end":{"line":606,"column":3}},"line":598},"27":{"name":"clearError","decl":{"start":{"line":611,"column":2},"end":{"line":614,"column":3}},"loc":{"start":{"line":611,"column":2},"end":{"line":614,"column":3}},"line":611}},"f":{"0":5,"1":6,"2":1,"3":1,"4":1,"5":1,"6":0,"7":0,"8":2,"9":3,"10":0,"11":3,"12":0,"13":0,"14":0,"15":0,"16":0,"17":2,"18":1,"19":5,"20":2,"21":0,"22":2,"23":2,"24":1,"25":1,"26":2,"27":1}}
}
